<?xml version="1.0" encoding="UTF-8"?>
<coverage generated="1787801025703" clover="3.2.0">
  <project timestamp="1787801025703" name="All files">
    <metrics statements="206" coveredstatements="165" conditionals="100" coveredconditionals="64" methods="86" coveredmethods="68" elements="392" coveredelements="297" complexity="0" loc="206" ncloc="206" packages="3" files="13" classes="13"/>
    <package name="composables">
      <metrics statements="24" coveredstatements="22" conditionals="7" coveredconditionals="7" methods="8" coveredmethods="7"/>
      <file name="useHoverIntent.ts" path="C:\Users\Administrator\Codes\Leafmark\src\composables\useHoverIntent.ts">
        <metrics statements="24" coveredstatements="22" conditionals="7" coveredconditionals="7" methods="8" coveredmethods="7"/>
        <line num="14" count="15" type="cond" truecount="2" falsecount="0"/>
        <line num="16" count="15" type="stmt"/>
        <line num="21" count="12" type="stmt"/>
        <line num="22" count="12" type="stmt"/>
        <line num="23" count="12" type="stmt"/>
        <line num="24" count="12" type="stmt"/>
        <line num="29" count="13" type="stmt"/>
        <line num="30" count="13" type="stmt"/>
        <line num="31" count="13" type="cond" truecount="2" falsecount="0"/>
        <line num="32" count="10" type="stmt"/>
        <line num="33" count="10" type="stmt"/>
        <line num="34" count="9" type="stmt"/>
        <line num="40" count="5" type="stmt"/>
        <line num="41" count="5" type="stmt"/>
        <line num="42" count="5" type="cond" truecount="2" falsecount="0"/>
        <line num="43" count="4" type="stmt"/>
        <line num="44" count="4" type="stmt"/>
        <line num="45" count="2" type="stmt"/>
        <line num="51" count="4" type="stmt"/>
        <line num="52" count="4" type="stmt"/>
        <line num="57" count="0" type="stmt"/>
        <line num="58" count="0" type="stmt"/>
        <line num="61" count="15" type="stmt"/>
        <line num="63" count="15" type="stmt"/>
      </file>
    </package>
    <package name="lib">
      <metrics statements="91" coveredstatements="74" conditionals="75" coveredconditionals="43" methods="45" coveredmethods="39"/>
      <file name="chrome-bookmarks.ts" path="C:\Users\Administrator\Codes\Leafmark\src\lib\chrome-bookmarks.ts">
        <metrics statements="34" coveredstatements="24" conditionals="27" coveredconditionals="10" methods="25" coveredmethods="21"/>
        <line num="8" count="0" type="stmt"/>
        <line num="16" count="33" type="stmt"/>
        <line num="17" count="33" type="stmt"/>
        <line num="18" count="33" type="stmt"/>
        <line num="19" count="33" type="cond" truecount="1" falsecount="1"/>
        <line num="20" count="33" type="stmt"/>
        <line num="26" count="21" type="cond" truecount="1" falsecount="1"/>
        <line num="27" count="21" type="stmt"/>
        <line num="28" count="21" type="stmt"/>
        <line num="33" count="1" type="cond" truecount="1" falsecount="1"/>
        <line num="34" count="0" type="stmt"/>
        <line num="35" count="0" type="stmt"/>
        <line num="36" count="0" type="cond" truecount="0" falsecount="2"/>
        <line num="38" count="1" type="stmt"/>
        <line num="39" count="1" type="stmt"/>
        <line num="47" count="4" type="cond" truecount="1" falsecount="1"/>
        <line num="48" count="4" type="stmt"/>
        <line num="49" count="4" type="stmt"/>
        <line num="55" count="5" type="cond" truecount="1" falsecount="1"/>
        <line num="56" count="5" type="cond" truecount="2" falsecount="0"/>
        <line num="57" count="5" type="stmt"/>
        <line num="64" count="2" type="cond" truecount="1" falsecount="1"/>
        <line num="65" count="2" type="stmt"/>
        <line num="66" count="2" type="stmt"/>
        <line num="72" count="15" type="cond" truecount="1" falsecount="1"/>
        <line num="73" count="15" type="stmt"/>
        <line num="79" count="60" type="stmt"/>
        <line num="80" count="15" type="stmt"/>
        <line num="84" count="0" type="stmt"/>
        <line num="85" count="0" type="cond" truecount="0" falsecount="2"/>
        <line num="86" count="0" type="cond" truecount="0" falsecount="2"/>
        <line num="87" count="0" type="stmt"/>
        <line num="88" count="0" type="cond" truecount="0" falsecount="2"/>
        <line num="91" count="0" type="stmt"/>
      </file>
      <file name="chrome-storage.ts" path="C:\Users\Administrator\Codes\Leafmark\src\lib\chrome-storage.ts">
        <metrics statements="18" coveredstatements="18" conditionals="15" coveredconditionals="12" methods="10" coveredmethods="9"/>
        <line num="12" count="28" type="cond" truecount="2" falsecount="0"/>
        <line num="13" count="1" type="stmt"/>
        <line num="14" count="1" type="cond" truecount="1" falsecount="1"/>
        <line num="16" count="27" type="stmt"/>
        <line num="18" count="27" type="stmt"/>
        <line num="19" count="27" type="cond" truecount="2" falsecount="0"/>
        <line num="29" count="13" type="cond" truecount="2" falsecount="0"/>
        <line num="30" count="1" type="stmt"/>
        <line num="31" count="1" type="stmt"/>
        <line num="33" count="12" type="stmt"/>
        <line num="34" count="12" type="stmt"/>
        <line num="43" count="10" type="cond" truecount="1" falsecount="1"/>
        <line num="44" count="10" type="stmt"/>
        <line num="48" count="7" type="cond" truecount="1" falsecount="1"/>
        <line num="49" count="7" type="stmt"/>
        <line num="50" count="7" type="stmt"/>
        <line num="53" count="10" type="stmt"/>
        <line num="54" count="10" type="stmt"/>
      </file>
      <file name="dev-fixtures.ts" path="C:\Users\Administrator\Codes\Leafmark\src\lib\dev-fixtures.ts">
        <metrics statements="1" coveredstatements="1" conditionals="0" coveredconditionals="0" methods="0" coveredmethods="0"/>
        <line num="5" count="8" type="stmt"/>
      </file>
      <file name="env.ts" path="C:\Users\Administrator\Codes\Leafmark\src\lib\env.ts">
        <metrics statements="1" coveredstatements="1" conditionals="2" coveredconditionals="2" methods="1" coveredmethods="1"/>
        <line num="3" count="118" type="cond" truecount="2" falsecount="0"/>
      </file>
      <file name="favicon.ts" path="C:\Users\Administrator\Codes\Leafmark\src\lib\favicon.ts">
        <metrics statements="5" coveredstatements="5" conditionals="3" coveredconditionals="2" methods="1" coveredmethods="1"/>
        <line num="6" count="19" type="cond" truecount="1" falsecount="1"/>
        <line num="7" count="19" type="stmt"/>
        <line num="8" count="19" type="stmt"/>
        <line num="9" count="19" type="stmt"/>
        <line num="10" count="19" type="stmt"/>
      </file>
      <file name="i18n.ts" path="C:\Users\Administrator\Codes\Leafmark\src\lib\i18n.ts">
        <metrics statements="8" coveredstatements="7" conditionals="9" coveredconditionals="5" methods="2" coveredmethods="2"/>
        <line num="5" count="2" type="stmt"/>
        <line num="86" count="16" type="stmt"/>
        <line num="87" count="16" type="cond" truecount="3" falsecount="1"/>
        <line num="88" count="16" type="stmt"/>
        <line num="90" count="0" type="stmt"/>
        <line num="92" count="16" type="cond" truecount="1" falsecount="1"/>
        <line num="96" count="16" type="stmt"/>
        <line num="97" count="16" type="cond" truecount="1" falsecount="2"/>
      </file>
      <file name="tabs.ts" path="C:\Users\Administrator\Codes\Leafmark\src\lib\tabs.ts">
        <metrics statements="6" coveredstatements="0" conditionals="6" coveredconditionals="0" methods="1" coveredmethods="0"/>
        <line num="5" count="0" type="cond" truecount="0" falsecount="2"/>
        <line num="6" count="0" type="cond" truecount="0" falsecount="2"/>
        <line num="7" count="0" type="stmt"/>
        <line num="9" count="0" type="stmt"/>
        <line num="11" count="0" type="stmt"/>
        <line num="14" count="0" type="cond" truecount="0" falsecount="2"/>
      </file>
      <file name="tree-utils.ts" path="C:\Users\Administrator\Codes\Leafmark\src\lib\tree-utils.ts">
        <metrics statements="18" coveredstatements="18" conditionals="13" coveredconditionals="12" methods="5" coveredmethods="5"/>
        <line num="6" count="80" type="stmt"/>
        <line num="7" count="98" type="cond" truecount="2" falsecount="0"/>
        <line num="8" count="73" type="cond" truecount="2" falsecount="0"/>
        <line num="9" count="53" type="stmt"/>
        <line num="10" count="53" type="cond" truecount="2" falsecount="0"/>
        <line num="13" count="15" type="stmt"/>
        <line num="18" count="4" type="stmt"/>
        <line num="19" count="4" type="cond" truecount="2" falsecount="0"/>
        <line num="21" count="3" type="stmt"/>
        <line num="22" count="3" type="stmt"/>
        <line num="23" count="3" type="stmt"/>
        <line num="24" count="8" type="stmt"/>
        <line num="25" count="8" type="cond" truecount="1" falsecount="1"/>
        <line num="26" count="8" type="stmt"/>
        <line num="27" count="8" type="stmt"/>
        <line num="29" count="3" type="stmt"/>
        <line num="39" count="45" type="stmt"/>
        <line num="47" count="33" type="stmt"/>
      </file>
      <file name="types.ts" path="C:\Users\Administrator\Codes\Leafmark\src\lib\types.ts">
        <metrics statements="0" coveredstatements="0" conditionals="0" coveredconditionals="0" methods="0" coveredmethods="0"/>
      </file>
    </package>
    <package name="stores">
      <metrics statements="91" coveredstatements="69" conditionals="18" coveredconditionals="14" methods="33" coveredmethods="22"/>
      <file name="bookmarks.ts" path="C:\Users\Administrator\Codes\Leafmark\src\stores\bookmarks.ts">
        <metrics statements="30" coveredstatements="25" conditionals="8" coveredconditionals="5" methods="13" coveredmethods="11"/>
        <line num="16" count="3" type="stmt"/>
        <line num="17" count="19" type="stmt"/>
        <line num="18" count="19" type="stmt"/>
        <line num="19" count="19" type="stmt"/>
        <line num="22" count="19" type="stmt"/>
        <line num="24" count="19" type="stmt"/>
        <line num="26" count="19" type="cond" truecount="3" falsecount="0"/>
        <line num="27" count="19" type="stmt"/>
        <line num="28" count="19" type="cond" truecount="1" falsecount="1"/>
        <line num="30" count="19" type="stmt"/>
        <line num="32" count="19" type="stmt"/>
        <line num="35" count="20" type="stmt"/>
        <line num="36" count="20" type="stmt"/>
        <line num="37" count="20" type="stmt"/>
        <line num="38" count="20" type="stmt"/>
        <line num="40" count="0" type="cond" truecount="0" falsecount="2"/>
        <line num="42" count="20" type="stmt"/>
        <line num="47" count="13" type="stmt"/>
        <line num="49" count="13" type="stmt"/>
        <line num="50" count="4" type="stmt"/>
        <line num="55" count="5" type="stmt"/>
        <line num="59" count="1" type="stmt"/>
        <line num="60" count="1" type="stmt"/>
        <line num="64" count="2" type="stmt"/>
        <line num="65" count="2" type="stmt"/>
        <line num="70" count="0" type="stmt"/>
        <line num="71" count="0" type="stmt"/>
        <line num="75" count="0" type="stmt"/>
        <line num="76" count="0" type="stmt"/>
        <line num="79" count="19" type="stmt"/>
      </file>
      <file name="settings.ts" path="C:\Users\Administrator\Codes\Leafmark\src\stores\settings.ts">
        <metrics statements="32" coveredstatements="31" conditionals="10" coveredconditionals="9" methods="10" coveredmethods="9"/>
        <line num="11" count="4" type="stmt"/>
        <line num="13" count="4" type="stmt"/>
        <line num="14" count="27" type="stmt"/>
        <line num="15" count="27" type="stmt"/>
        <line num="16" count="27" type="stmt"/>
        <line num="17" count="27" type="stmt"/>
        <line num="20" count="27" type="stmt"/>
        <line num="21" count="31" type="cond" truecount="4" falsecount="0"/>
        <line num="25" count="11" type="stmt"/>
        <line num="28" count="27" type="stmt"/>
        <line num="31" count="8" type="stmt"/>
        <line num="32" count="8" type="stmt"/>
        <line num="33" count="8" type="stmt"/>
        <line num="35" count="8" type="stmt"/>
        <line num="36" count="8" type="stmt"/>
        <line num="37" count="8" type="stmt"/>
        <line num="38" count="0" type="stmt"/>
        <line num="41" count="8" type="stmt"/>
        <line num="42" count="6" type="cond" truecount="2" falsecount="0"/>
        <line num="43" count="2" type="cond" truecount="2" falsecount="0"/>
        <line num="44" count="1" type="cond" truecount="1" falsecount="1"/>
        <line num="47" count="8" type="stmt"/>
        <line num="51" count="4" type="stmt"/>
        <line num="52" count="4" type="stmt"/>
        <line num="57" count="3" type="stmt"/>
        <line num="58" count="3" type="stmt"/>
        <line num="59" count="3" type="stmt"/>
        <line num="63" count="3" type="stmt"/>
        <line num="64" count="3" type="stmt"/>
        <line num="68" count="1" type="stmt"/>
        <line num="69" count="1" type="stmt"/>
        <line num="72" count="27" type="stmt"/>
      </file>
      <file name="ui.ts" path="C:\Users\Administrator\Codes\Leafmark\src\stores\ui.ts">
        <metrics statements="29" coveredstatements="13" conditionals="0" coveredconditionals="0" methods="10" coveredmethods="2"/>
        <line num="25" count="1" type="stmt"/>
        <line num="27" count="1" type="stmt"/>
        <line num="28" count="8" type="stmt"/>
        <line num="29" count="8" type="stmt"/>
        <line num="30" count="8" type="stmt"/>
        <line num="32" count="8" type="stmt"/>
        <line num="33" count="8" type="stmt"/>
        <line num="34" count="8" type="stmt"/>
        <line num="36" count="8" type="stmt"/>
        <line num="40" count="0" type="stmt"/>
        <line num="41" count="0" type="stmt"/>
        <line num="42" count="0" type="stmt"/>
        <line num="43" count="0" type="stmt"/>
        <line num="48" count="0" type="stmt"/>
        <line num="49" count="0" type="stmt"/>
        <line num="50" count="0" type="stmt"/>
        <line num="55" count="0" type="stmt"/>
        <line num="56" count="0" type="stmt"/>
        <line num="57" count="0" type="stmt"/>
        <line num="58" count="0" type="stmt"/>
        <line num="63" count="0" type="stmt"/>
        <line num="64" count="0" type="stmt"/>
        <line num="65" count="0" type="stmt"/>
        <line num="66" count="0" type="stmt"/>
        <line num="71" count="1" type="stmt"/>
        <line num="72" count="1" type="stmt"/>
        <line num="73" count="1" type="stmt"/>
        <line num="74" count="0" type="stmt"/>
        <line num="78" count="8" type="stmt"/>
      </file>
    </package>
  </project>
</coverage>
