<?xml version="1.0" encoding="UTF-8"?>
<coverage generated="1787816190544" clover="3.2.0">
  <project timestamp="1787816190544" name="All files">
    <metrics statements="348" coveredstatements="287" conditionals="161" coveredconditionals="111" methods="126" coveredmethods="100" elements="635" coveredelements="498" complexity="0" loc="348" ncloc="348" packages="3" files="17" classes="17"/>
    <package name="composables">
      <metrics statements="24" coveredstatements="22" conditionals="7" coveredconditionals="7" methods="8" coveredmethods="7"/>
      <file name="useHoverIntent.ts" path="C:\Users\Administrator\Codes\Leafmark\src\composables\useHoverIntent.ts">
        <metrics statements="24" coveredstatements="22" conditionals="7" coveredconditionals="7" methods="8" coveredmethods="7"/>
        <line num="14" count="11" type="cond" truecount="2" falsecount="0"/>
        <line num="16" count="11" type="stmt"/>
        <line num="21" count="8" type="stmt"/>
        <line num="22" count="8" type="stmt"/>
        <line num="23" count="8" type="stmt"/>
        <line num="24" count="8" type="stmt"/>
        <line num="29" count="9" type="stmt"/>
        <line num="30" count="9" type="stmt"/>
        <line num="31" count="9" type="cond" truecount="2" falsecount="0"/>
        <line num="32" count="7" type="stmt"/>
        <line num="33" count="7" type="stmt"/>
        <line num="34" count="6" type="stmt"/>
        <line num="40" count="4" type="stmt"/>
        <line num="41" count="4" type="stmt"/>
        <line num="42" count="4" type="cond" truecount="2" falsecount="0"/>
        <line num="43" count="3" type="stmt"/>
        <line num="44" count="3" type="stmt"/>
        <line num="45" count="2" type="stmt"/>
        <line num="51" count="4" type="stmt"/>
        <line num="52" count="4" type="stmt"/>
        <line num="57" count="0" type="stmt"/>
        <line num="58" count="0" type="stmt"/>
        <line num="61" count="11" type="stmt"/>
        <line num="63" count="11" type="stmt"/>
      </file>
    </package>
    <package name="lib">
      <metrics statements="165" coveredstatements="139" conditionals="116" coveredconditionals="78" methods="72" coveredmethods="62"/>
      <file name="chrome-bookmarks.ts" path="C:\Users\Administrator\Codes\Leafmark\src\lib\chrome-bookmarks.ts">
        <metrics statements="34" coveredstatements="24" conditionals="27" coveredconditionals="10" methods="25" coveredmethods="21"/>
        <line num="8" count="0" type="stmt"/>
        <line num="16" count="34" type="stmt"/>
        <line num="17" count="34" type="stmt"/>
        <line num="18" count="34" type="stmt"/>
        <line num="19" count="34" type="cond" truecount="1" falsecount="1"/>
        <line num="20" count="34" type="stmt"/>
        <line num="26" count="21" type="cond" truecount="1" falsecount="1"/>
        <line num="27" count="21" type="stmt"/>
        <line num="28" count="21" type="stmt"/>
        <line num="33" count="1" type="cond" truecount="1" falsecount="1"/>
        <line num="34" count="0" type="stmt"/>
        <line num="35" count="0" type="stmt"/>
        <line num="36" count="0" type="cond" truecount="0" falsecount="2"/>
        <line num="38" count="1" type="stmt"/>
        <line num="39" count="1" type="stmt"/>
        <line num="47" count="4" type="cond" truecount="1" falsecount="1"/>
        <line num="48" count="4" type="stmt"/>
        <line num="49" count="4" type="stmt"/>
        <line num="55" count="5" type="cond" truecount="1" falsecount="1"/>
        <line num="56" count="5" type="cond" truecount="2" falsecount="0"/>
        <line num="57" count="5" type="stmt"/>
        <line num="64" count="3" type="cond" truecount="1" falsecount="1"/>
        <line num="65" count="3" type="stmt"/>
        <line num="66" count="3" type="stmt"/>
        <line num="72" count="13" type="cond" truecount="1" falsecount="1"/>
        <line num="73" count="13" type="stmt"/>
        <line num="79" count="52" type="stmt"/>
        <line num="80" count="13" type="stmt"/>
        <line num="84" count="0" type="stmt"/>
        <line num="85" count="0" type="cond" truecount="0" falsecount="2"/>
        <line num="86" count="0" type="cond" truecount="0" falsecount="2"/>
        <line num="87" count="0" type="stmt"/>
        <line num="88" count="0" type="cond" truecount="0" falsecount="2"/>
        <line num="91" count="0" type="stmt"/>
      </file>
      <file name="chrome-storage.ts" path="C:\Users\Administrator\Codes\Leafmark\src\lib\chrome-storage.ts">
        <metrics statements="18" coveredstatements="18" conditionals="15" coveredconditionals="13" methods="10" coveredmethods="9"/>
        <line num="12" count="80" type="cond" truecount="2" falsecount="0"/>
        <line num="13" count="1" type="stmt"/>
        <line num="14" count="1" type="cond" truecount="1" falsecount="1"/>
        <line num="16" count="79" type="stmt"/>
        <line num="18" count="79" type="stmt"/>
        <line num="19" count="79" type="cond" truecount="2" falsecount="0"/>
        <line num="29" count="28" type="cond" truecount="2" falsecount="0"/>
        <line num="30" count="1" type="stmt"/>
        <line num="31" count="1" type="stmt"/>
        <line num="33" count="27" type="stmt"/>
        <line num="34" count="27" type="stmt"/>
        <line num="43" count="20" type="cond" truecount="1" falsecount="1"/>
        <line num="44" count="20" type="stmt"/>
        <line num="48" count="41" type="cond" truecount="2" falsecount="0"/>
        <line num="49" count="21" type="stmt"/>
        <line num="50" count="21" type="stmt"/>
        <line num="53" count="20" type="stmt"/>
        <line num="54" count="20" type="stmt"/>
      </file>
      <file name="dev-fixtures.ts" path="C:\Users\Administrator\Codes\Leafmark\src\lib\dev-fixtures.ts">
        <metrics statements="1" coveredstatements="1" conditionals="0" coveredconditionals="0" methods="0" coveredmethods="0"/>
        <line num="5" count="14" type="stmt"/>
      </file>
      <file name="drag-utils.ts" path="C:\Users\Administrator\Codes\Leafmark\src\lib\drag-utils.ts">
        <metrics statements="8" coveredstatements="8" conditionals="4" coveredconditionals="4" methods="3" coveredmethods="3"/>
        <line num="24" count="5" type="cond" truecount="2" falsecount="0"/>
        <line num="25" count="4" type="stmt"/>
        <line num="26" count="4" type="stmt"/>
        <line num="27" count="4" type="stmt"/>
        <line num="28" count="4" type="stmt"/>
        <line num="29" count="4" type="stmt"/>
        <line num="36" count="1" type="stmt"/>
        <line num="46" count="3" type="cond" truecount="2" falsecount="0"/>
      </file>
      <file name="env.ts" path="C:\Users\Administrator\Codes\Leafmark\src\lib\env.ts">
        <metrics statements="1" coveredstatements="1" conditionals="2" coveredconditionals="2" methods="1" coveredmethods="1"/>
        <line num="3" count="182" type="cond" truecount="2" falsecount="0"/>
      </file>
      <file name="favicon.ts" path="C:\Users\Administrator\Codes\Leafmark\src\lib\favicon.ts">
        <metrics statements="5" coveredstatements="5" conditionals="3" coveredconditionals="2" methods="1" coveredmethods="1"/>
        <line num="6" count="1" type="cond" truecount="1" falsecount="1"/>
        <line num="7" count="1" type="stmt"/>
        <line num="8" count="1" type="stmt"/>
        <line num="9" count="1" type="stmt"/>
        <line num="10" count="1" type="stmt"/>
      </file>
      <file name="greeting.ts" path="C:\Users\Administrator\Codes\Leafmark\src\lib\greeting.ts">
        <metrics statements="6" coveredstatements="6" conditionals="9" coveredconditionals="9" methods="1" coveredmethods="1"/>
        <line num="5" count="9" type="stmt"/>
        <line num="6" count="9" type="cond" truecount="2" falsecount="0"/>
        <line num="7" count="7" type="cond" truecount="2" falsecount="0"/>
        <line num="8" count="5" type="cond" truecount="2" falsecount="0"/>
        <line num="9" count="3" type="cond" truecount="2" falsecount="0"/>
        <line num="10" count="1" type="stmt"/>
      </file>
      <file name="i18n.ts" path="C:\Users\Administrator\Codes\Leafmark\src\lib\i18n.ts">
        <metrics statements="5" coveredstatements="5" conditionals="9" coveredconditionals="5" methods="2" coveredmethods="2"/>
        <line num="5" count="3" type="stmt"/>
        <line num="147" count="140" type="cond" truecount="3" falsecount="1"/>
        <line num="150" count="140" type="cond" truecount="1" falsecount="1"/>
        <line num="154" count="140" type="stmt"/>
        <line num="155" count="140" type="cond" truecount="1" falsecount="2"/>
      </file>
      <file name="qrcode.ts" path="C:\Users\Administrator\Codes\Leafmark\src\lib\qrcode.ts">
        <metrics statements="8" coveredstatements="1" conditionals="3" coveredconditionals="1" methods="2" coveredmethods="1"/>
        <line num="7" count="1" type="stmt"/>
        <line num="17" count="0" type="cond" truecount="0" falsecount="2"/>
        <line num="18" count="0" type="stmt"/>
        <line num="19" count="0" type="stmt"/>
        <line num="20" count="0" type="stmt"/>
        <line num="21" count="0" type="stmt"/>
        <line num="22" count="0" type="stmt"/>
        <line num="23" count="0" type="stmt"/>
      </file>
      <file name="tabs.ts" path="C:\Users\Administrator\Codes\Leafmark\src\lib\tabs.ts">
        <metrics statements="25" coveredstatements="20" conditionals="19" coveredconditionals="13" methods="10" coveredmethods="9"/>
        <line num="7" count="2" type="cond" truecount="1" falsecount="1"/>
        <line num="8" count="2" type="cond" truecount="2" falsecount="0"/>
        <line num="9" count="1" type="stmt"/>
        <line num="11" count="1" type="stmt"/>
        <line num="13" count="2" type="stmt"/>
        <line num="16" count="0" type="cond" truecount="0" falsecount="2"/>
        <line num="24" count="9" type="stmt"/>
        <line num="25" count="5" type="cond" truecount="2" falsecount="0"/>
        <line num="27" count="4" type="cond" truecount="1" falsecount="1"/>
        <line num="28" count="0" type="stmt"/>
        <line num="29" count="0" type="stmt"/>
        <line num="32" count="4" type="stmt"/>
        <line num="33" count="4" type="stmt"/>
        <line num="36" count="8" type="stmt"/>
        <line num="37" count="8" type="stmt"/>
        <line num="38" count="8" type="cond" truecount="1" falsecount="1"/>
        <line num="39" count="8" type="stmt"/>
        <line num="45" count="4" type="cond" truecount="5" falsecount="0"/>
        <line num="46" count="3" type="stmt"/>
        <line num="47" count="3" type="stmt"/>
        <line num="48" count="3" type="cond" truecount="1" falsecount="1"/>
        <line num="49" count="0" type="stmt"/>
        <line num="50" count="0" type="stmt"/>
        <line num="52" count="3" type="stmt"/>
        <line num="55" count="3" type="stmt"/>
      </file>
      <file name="tree-utils.ts" path="C:\Users\Administrator\Codes\Leafmark\src\lib\tree-utils.ts">
        <metrics statements="18" coveredstatements="18" conditionals="13" coveredconditionals="12" methods="5" coveredmethods="5"/>
        <line num="6" count="67" type="stmt"/>
        <line num="7" count="83" type="cond" truecount="2" falsecount="0"/>
        <line num="8" count="64" type="cond" truecount="2" falsecount="0"/>
        <line num="9" count="46" type="stmt"/>
        <line num="10" count="46" type="cond" truecount="2" falsecount="0"/>
        <line num="13" count="15" type="stmt"/>
        <line num="18" count="4" type="stmt"/>
        <line num="19" count="4" type="cond" truecount="2" falsecount="0"/>
        <line num="21" count="3" type="stmt"/>
        <line num="22" count="3" type="stmt"/>
        <line num="23" count="3" type="stmt"/>
        <line num="24" count="8" type="stmt"/>
        <line num="25" count="8" type="cond" truecount="1" falsecount="1"/>
        <line num="26" count="8" type="stmt"/>
        <line num="27" count="8" type="stmt"/>
        <line num="29" count="3" type="stmt"/>
        <line num="39" count="18" type="stmt"/>
        <line num="47" count="6" type="stmt"/>
      </file>
      <file name="types.ts" path="C:\Users\Administrator\Codes\Leafmark\src\lib\types.ts">
        <metrics statements="0" coveredstatements="0" conditionals="0" coveredconditionals="0" methods="0" coveredmethods="0"/>
      </file>
      <file name="wallpaper.ts" path="C:\Users\Administrator\Codes\Leafmark\src\lib\wallpaper.ts">
        <metrics statements="36" coveredstatements="32" conditionals="12" coveredconditionals="7" methods="12" coveredmethods="9"/>
        <line num="11" count="3" type="stmt"/>
        <line num="12" count="3" type="stmt"/>
        <line num="16" count="3" type="stmt"/>
        <line num="17" count="3" type="stmt"/>
        <line num="18" count="3" type="stmt"/>
        <line num="19" count="3" type="stmt"/>
        <line num="20" count="3" type="stmt"/>
        <line num="26" count="3" type="stmt"/>
        <line num="27" count="3" type="stmt"/>
        <line num="28" count="3" type="stmt"/>
        <line num="29" count="3" type="stmt"/>
        <line num="31" count="3" type="stmt"/>
        <line num="32" count="3" type="stmt"/>
        <line num="33" count="3" type="stmt"/>
        <line num="34" count="3" type="stmt"/>
        <line num="35" count="3" type="cond" truecount="1" falsecount="1"/>
        <line num="36" count="3" type="stmt"/>
        <line num="39" count="3" type="cond" truecount="1" falsecount="1"/>
        <line num="40" count="3" type="stmt"/>
        <line num="41" count="3" type="stmt"/>
        <line num="44" count="3" type="cond" truecount="1" falsecount="1"/>
        <line num="45" count="0" type="stmt"/>
        <line num="46" count="0" type="stmt"/>
        <line num="48" count="3" type="stmt"/>
        <line num="52" count="3" type="stmt"/>
        <line num="53" count="3" type="stmt"/>
        <line num="58" count="4" type="cond" truecount="2" falsecount="0"/>
        <line num="59" count="3" type="cond" truecount="2" falsecount="0"/>
        <line num="60" count="2" type="stmt"/>
        <line num="65" count="1" type="stmt"/>
        <line num="66" count="1" type="stmt"/>
        <line num="67" count="1" type="stmt"/>
        <line num="68" count="1" type="stmt"/>
        <line num="69" count="1" type="stmt"/>
        <line num="75" count="0" type="cond" truecount="0" falsecount="2"/>
        <line num="76" count="0" type="stmt"/>
      </file>
    </package>
    <package name="stores">
      <metrics statements="159" coveredstatements="126" conditionals="38" coveredconditionals="26" methods="46" coveredmethods="31"/>
      <file name="bookmarks.ts" path="C:\Users\Administrator\Codes\Leafmark\src\stores\bookmarks.ts">
        <metrics statements="34" coveredstatements="31" conditionals="14" coveredconditionals="9" methods="16" coveredmethods="15"/>
        <line num="18" count="5" type="cond" truecount="1" falsecount="1"/>
        <line num="19" count="5" type="cond" truecount="2" falsecount="0"/>
        <line num="20" count="4" type="cond" truecount="1" falsecount="1"/>
        <line num="23" count="2" type="stmt"/>
        <line num="24" count="12" type="stmt"/>
        <line num="25" count="12" type="stmt"/>
        <line num="26" count="12" type="stmt"/>
        <line num="29" count="12" type="stmt"/>
        <line num="31" count="12" type="stmt"/>
        <line num="33" count="12" type="cond" truecount="3" falsecount="0"/>
        <line num="34" count="12" type="stmt"/>
        <line num="35" count="12" type="cond" truecount="1" falsecount="1"/>
        <line num="37" count="12" type="stmt"/>
        <line num="39" count="12" type="stmt"/>
        <line num="42" count="20" type="stmt"/>
        <line num="43" count="20" type="stmt"/>
        <line num="44" count="20" type="stmt"/>
        <line num="45" count="20" type="stmt"/>
        <line num="47" count="0" type="cond" truecount="0" falsecount="2"/>
        <line num="49" count="20" type="stmt"/>
        <line num="54" count="11" type="stmt"/>
        <line num="56" count="11" type="stmt"/>
        <line num="57" count="5" type="stmt"/>
        <line num="62" count="3" type="stmt"/>
        <line num="66" count="1" type="stmt"/>
        <line num="67" count="1" type="stmt"/>
        <line num="71" count="2" type="stmt"/>
        <line num="72" count="2" type="stmt"/>
        <line num="77" count="1" type="stmt"/>
        <line num="78" count="1" type="stmt"/>
        <line num="83" count="1" type="stmt"/>
        <line num="87" count="0" type="stmt"/>
        <line num="88" count="0" type="stmt"/>
        <line num="91" count="12" type="stmt"/>
      </file>
      <file name="settings.ts" path="C:\Users\Administrator\Codes\Leafmark\src\stores\settings.ts">
        <metrics statements="84" coveredstatements="76" conditionals="24" coveredconditionals="17" methods="17" coveredmethods="13"/>
        <line num="29" count="4" type="stmt"/>
        <line num="35" count="4" type="stmt"/>
        <line num="37" count="4" type="stmt"/>
        <line num="38" count="21" type="stmt"/>
        <line num="39" count="21" type="stmt"/>
        <line num="40" count="21" type="stmt"/>
        <line num="41" count="21" type="stmt"/>
        <line num="44" count="21" type="stmt"/>
        <line num="47" count="21" type="stmt"/>
        <line num="49" count="21" type="stmt"/>
        <line num="51" count="21" type="stmt"/>
        <line num="53" count="21" type="stmt"/>
        <line num="56" count="21" type="stmt"/>
        <line num="57" count="21" type="cond" truecount="2" falsecount="2"/>
        <line num="62" count="20" type="stmt"/>
        <line num="63" count="20" type="stmt"/>
        <line num="64" count="20" type="stmt"/>
        <line num="65" count="20" type="stmt"/>
        <line num="69" count="9" type="stmt"/>
        <line num="73" count="15" type="stmt"/>
        <line num="74" count="15" type="cond" truecount="4" falsecount="0"/>
        <line num="75" count="4" type="stmt"/>
        <line num="76" count="4" type="stmt"/>
        <line num="78" count="11" type="stmt"/>
        <line num="79" count="11" type="stmt"/>
        <line num="83" count="21" type="stmt"/>
        <line num="84" count="21" type="stmt"/>
        <line num="85" count="21" type="stmt"/>
        <line num="88" count="9" type="stmt"/>
        <line num="89" count="9" type="stmt"/>
        <line num="90" count="9" type="stmt"/>
        <line num="91" count="9" type="stmt"/>
        <line num="92" count="9" type="stmt"/>
        <line num="93" count="9" type="stmt"/>
        <line num="94" count="9" type="stmt"/>
        <line num="96" count="9" type="stmt"/>
        <line num="98" count="9" type="stmt"/>
        <line num="99" count="9" type="stmt"/>
        <line num="100" count="9" type="stmt"/>
        <line num="101" count="0" type="stmt"/>
        <line num="104" count="9" type="stmt"/>
        <line num="105" count="16" type="cond" truecount="1" falsecount="1"/>
        <line num="106" count="16" type="cond" truecount="1" falsecount="1"/>
        <line num="107" count="16" type="cond" truecount="1" falsecount="1"/>
        <line num="108" count="16" type="cond" truecount="2" falsecount="0"/>
        <line num="109" count="14" type="cond" truecount="2" falsecount="0"/>
        <line num="110" count="8" type="cond" truecount="2" falsecount="0"/>
        <line num="111" count="6" type="cond" truecount="1" falsecount="1"/>
        <line num="113" count="9" type="stmt"/>
        <line num="115" count="4" type="cond" truecount="1" falsecount="1"/>
        <line num="120" count="9" type="stmt"/>
        <line num="121" count="9" type="stmt"/>
        <line num="122" count="9" type="stmt"/>
        <line num="126" count="0" type="stmt"/>
        <line num="127" count="0" type="stmt"/>
        <line num="131" count="0" type="stmt"/>
        <line num="132" count="0" type="stmt"/>
        <line num="133" count="0" type="stmt"/>
        <line num="137" count="1" type="stmt"/>
        <line num="138" count="1" type="stmt"/>
        <line num="142" count="0" type="stmt"/>
        <line num="143" count="0" type="stmt"/>
        <line num="147" count="2" type="stmt"/>
        <line num="148" count="2" type="stmt"/>
        <line num="152" count="2" type="stmt"/>
        <line num="153" count="2" type="stmt"/>
        <line num="154" count="2" type="stmt"/>
        <line num="155" count="2" type="stmt"/>
        <line num="156" count="2" type="stmt"/>
        <line num="157" count="2" type="stmt"/>
        <line num="162" count="3" type="stmt"/>
        <line num="163" count="3" type="stmt"/>
        <line num="164" count="3" type="stmt"/>
        <line num="165" count="3" type="stmt"/>
        <line num="166" count="3" type="stmt"/>
        <line num="167" count="3" type="stmt"/>
        <line num="172" count="1" type="stmt"/>
        <line num="173" count="1" type="stmt"/>
        <line num="174" count="1" type="stmt"/>
        <line num="175" count="1" type="stmt"/>
        <line num="176" count="1" type="stmt"/>
        <line num="177" count="1" type="stmt"/>
        <line num="178" count="1" type="stmt"/>
        <line num="181" count="21" type="stmt"/>
      </file>
      <file name="ui.ts" path="C:\Users\Administrator\Codes\Leafmark\src\stores\ui.ts">
        <metrics statements="41" coveredstatements="19" conditionals="0" coveredconditionals="0" methods="13" coveredmethods="3"/>
        <line num="25" count="2" type="stmt"/>
        <line num="27" count="2" type="stmt"/>
        <line num="28" count="8" type="stmt"/>
        <line num="29" count="8" type="stmt"/>
        <line num="30" count="8" type="stmt"/>
        <line num="32" count="8" type="stmt"/>
        <line num="33" count="8" type="stmt"/>
        <line num="34" count="8" type="stmt"/>
        <line num="37" count="8" type="stmt"/>
        <line num="38" count="8" type="stmt"/>
        <line num="39" count="8" type="stmt"/>
        <line num="40" count="8" type="stmt"/>
        <line num="42" count="8" type="stmt"/>
        <line num="46" count="0" type="stmt"/>
        <line num="47" count="0" type="stmt"/>
        <line num="48" count="0" type="stmt"/>
        <line num="49" count="0" type="stmt"/>
        <line num="54" count="0" type="stmt"/>
        <line num="55" count="0" type="stmt"/>
        <line num="56" count="0" type="stmt"/>
        <line num="61" count="0" type="stmt"/>
        <line num="62" count="0" type="stmt"/>
        <line num="63" count="0" type="stmt"/>
        <line num="64" count="0" type="stmt"/>
        <line num="69" count="0" type="stmt"/>
        <line num="70" count="0" type="stmt"/>
        <line num="71" count="0" type="stmt"/>
        <line num="72" count="0" type="stmt"/>
        <line num="77" count="1" type="stmt"/>
        <line num="78" count="1" type="stmt"/>
        <line num="79" count="1" type="stmt"/>
        <line num="80" count="1" type="stmt"/>
        <line num="81" count="1" type="stmt"/>
        <line num="86" count="0" type="stmt"/>
        <line num="87" count="0" type="stmt"/>
        <line num="88" count="0" type="stmt"/>
        <line num="93" count="0" type="stmt"/>
        <line num="94" count="0" type="stmt"/>
        <line num="95" count="0" type="stmt"/>
        <line num="96" count="0" type="stmt"/>
        <line num="100" count="8" type="stmt"/>
      </file>
    </package>
  </project>
</coverage>
