{"C:\\Users\\Administrator\\Codes\\Leafmark\\src\\composables\\useHoverIntent.ts": {"path":"C:\\Users\\Administrator\\Codes\\Leafmark\\src\\composables\\useHoverIntent.ts","statementMap":{"0":{"start":{"line":14,"column":48},"end":{"line":14,"column":null}},"1":{"start":{"line":16,"column":17},"end":{"line":16,"column":null}},"2":{"start":{"line":21,"column":4},"end":{"line":21,"column":null}},"3":{"start":{"line":22,"column":4},"end":{"line":22,"column":null}},"4":{"start":{"line":23,"column":4},"end":{"line":23,"column":null}},"5":{"start":{"line":24,"column":4},"end":{"line":24,"column":null}},"6":{"start":{"line":29,"column":4},"end":{"line":29,"column":null}},"7":{"start":{"line":30,"column":4},"end":{"line":30,"column":null}},"8":{"start":{"line":31,"column":4},"end":{"line":31,"column":null}},"9":{"start":{"line":31,"column":22},"end":{"line":31,"column":null}},"10":{"start":{"line":32,"column":4},"end":{"line":32,"column":null}},"11":{"start":{"line":33,"column":4},"end":{"line":35,"column":null}},"12":{"start":{"line":34,"column":6},"end":{"line":34,"column":null}},"13":{"start":{"line":40,"column":4},"end":{"line":40,"column":null}},"14":{"start":{"line":41,"column":4},"end":{"line":41,"column":null}},"15":{"start":{"line":42,"column":4},"end":{"line":42,"column":null}},"16":{"start":{"line":42,"column":23},"end":{"line":42,"column":null}},"17":{"start":{"line":43,"column":4},"end":{"line":43,"column":null}},"18":{"start":{"line":44,"column":4},"end":{"line":46,"column":null}},"19":{"start":{"line":45,"column":6},"end":{"line":45,"column":null}},"20":{"start":{"line":51,"column":4},"end":{"line":51,"column":null}},"21":{"start":{"line":52,"column":4},"end":{"line":52,"column":null}},"22":{"start":{"line":57,"column":4},"end":{"line":57,"column":null}},"23":{"start":{"line":58,"column":4},"end":{"line":58,"column":null}},"24":{"start":{"line":61,"column":2},"end":{"line":61,"column":null}},"25":{"start":{"line":63,"column":2},"end":{"line":63,"column":null}}},"fnMap":{"0":{"name":"useHoverIntent","decl":{"start":{"line":13,"column":16},"end":{"line":13,"column":31}},"loc":{"start":{"line":13,"column":65},"end":{"line":64,"column":null}},"line":13},"1":{"name":"clearTimers","decl":{"start":{"line":20,"column":11},"end":{"line":20,"column":25}},"loc":{"start":{"line":20,"column":25},"end":{"line":25,"column":null}},"line":20},"2":{"name":"enter","decl":{"start":{"line":28,"column":11},"end":{"line":28,"column":19}},"loc":{"start":{"line":28,"column":19},"end":{"line":36,"column":null}},"line":28},"3":{"name":"(anonymous_3)","decl":{"start":{"line":33,"column":16},"end":{"line":33,"column":33}},"loc":{"start":{"line":33,"column":33},"end":{"line":35,"column":7}},"line":33},"4":{"name":"leave","decl":{"start":{"line":39,"column":11},"end":{"line":39,"column":19}},"loc":{"start":{"line":39,"column":19},"end":{"line":47,"column":null}},"line":39},"5":{"name":"(anonymous_5)","decl":{"start":{"line":44,"column":17},"end":{"line":44,"column":34}},"loc":{"start":{"line":44,"column":34},"end":{"line":46,"column":7}},"line":44},"6":{"name":"closeNow","decl":{"start":{"line":50,"column":11},"end":{"line":50,"column":22}},"loc":{"start":{"line":50,"column":22},"end":{"line":53,"column":null}},"line":50},"7":{"name":"openNow","decl":{"start":{"line":56,"column":11},"end":{"line":56,"column":21}},"loc":{"start":{"line":56,"column":21},"end":{"line":59,"column":null}},"line":56}},"branchMap":{"0":{"loc":{"start":{"line":13,"column":31},"end":{"line":13,"column":65}},"type":"default-arg","locations":[{"start":{"line":13,"column":61},"end":{"line":13,"column":65}}],"line":13},"1":{"loc":{"start":{"line":14,"column":10},"end":{"line":14,"column":27}},"type":"default-arg","locations":[{"start":{"line":14,"column":22},"end":{"line":14,"column":27}}],"line":14},"2":{"loc":{"start":{"line":14,"column":27},"end":{"line":14,"column":48}},"type":"default-arg","locations":[{"start":{"line":14,"column":40},"end":{"line":14,"column":48}}],"line":14},"3":{"loc":{"start":{"line":31,"column":4},"end":{"line":31,"column":null}},"type":"if","locations":[{"start":{"line":31,"column":4},"end":{"line":31,"column":null}},{"start":{},"end":{}}],"line":31},"4":{"loc":{"start":{"line":42,"column":4},"end":{"line":42,"column":null}},"type":"if","locations":[{"start":{"line":42,"column":4},"end":{"line":42,"column":null}},{"start":{},"end":{}}],"line":42}},"s":{"0":11,"1":11,"2":8,"3":8,"4":8,"5":8,"6":9,"7":9,"8":9,"9":2,"10":7,"11":7,"12":6,"13":4,"14":4,"15":4,"16":1,"17":3,"18":3,"19":2,"20":4,"21":4,"22":0,"23":0,"24":11,"25":11},"f":{"0":11,"1":8,"2":9,"3":6,"4":4,"5":2,"6":4,"7":0},"b":{"0":[11],"1":[11],"2":[11],"3":[2,7],"4":[1,3]},"meta":{"lastBranch":5,"lastFunction":8,"lastStatement":26,"seen":{"f:13:16:13:31":0,"b:13:61:13:65":0,"s:14:48:14:Infinity":0,"b:14:22:14:27":1,"b:14:40:14:48":2,"s:16:17:16:Infinity":1,"f:20:11:20:25":1,"s:21:4:21:Infinity":2,"s:22:4:22:Infinity":3,"s:23:4:23:Infinity":4,"s:24:4:24:Infinity":5,"f:28:11:28:19":2,"s:29:4:29:Infinity":6,"s:30:4:30:Infinity":7,"b:31:4:31:Infinity:undefined:undefined:undefined:undefined":3,"s:31:4:31:Infinity":8,"s:31:22:31:Infinity":9,"s:32:4:32:Infinity":10,"s:33:4:35:Infinity":11,"f:33:16:33:33":3,"s:34:6:34:Infinity":12,"f:39:11:39:19":4,"s:40:4:40:Infinity":13,"s:41:4:41:Infinity":14,"b:42:4:42:Infinity:undefined:undefined:undefined:undefined":4,"s:42:4:42:Infinity":15,"s:42:23:42:Infinity":16,"s:43:4:43:Infinity":17,"s:44:4:46:Infinity":18,"f:44:17:44:34":5,"s:45:6:45:Infinity":19,"f:50:11:50:22":6,"s:51:4:51:Infinity":20,"s:52:4:52:Infinity":21,"f:56:11:56:21":7,"s:57:4:57:Infinity":22,"s:58:4:58:Infinity":23,"s:61:2:61:Infinity":24,"s:63:2:63:Infinity":25},"fnNames":{}}}
,"C:\\Users\\Administrator\\Codes\\Leafmark\\src\\lib\\chrome-bookmarks.ts": {"path":"C:\\Users\\Administrator\\Codes\\Leafmark\\src\\lib\\chrome-bookmarks.ts","statementMap":{"0":{"start":{"line":8,"column":2},"end":{"line":11,"column":null}},"1":{"start":{"line":8,"column":29},"end":{"line":11,"column":4}},"2":{"start":{"line":16,"column":2},"end":{"line":22,"column":null}},"3":{"start":{"line":17,"column":4},"end":{"line":21,"column":null}},"4":{"start":{"line":18,"column":18},"end":{"line":18,"column":null}},"5":{"start":{"line":19,"column":6},"end":{"line":20,"column":null}},"6":{"start":{"line":19,"column":15},"end":{"line":19,"column":null}},"7":{"start":{"line":20,"column":11},"end":{"line":20,"column":null}},"8":{"start":{"line":26,"column":2},"end":{"line":26,"column":null}},"9":{"start":{"line":26,"column":25},"end":{"line":26,"column":null}},"10":{"start":{"line":27,"column":2},"end":{"line":29,"column":null}},"11":{"start":{"line":27,"column":38},"end":{"line":27,"column":66}},"12":{"start":{"line":28,"column":15},"end":{"line":28,"column":null}},"13":{"start":{"line":33,"column":2},"end":{"line":37,"column":null}},"14":{"start":{"line":34,"column":17},"end":{"line":34,"column":null}},"15":{"start":{"line":35,"column":18},"end":{"line":35,"column":null}},"16":{"start":{"line":36,"column":4},"end":{"line":36,"column":null}},"17":{"start":{"line":38,"column":2},"end":{"line":40,"column":null}},"18":{"start":{"line":38,"column":38},"end":{"line":38,"column":80}},"19":{"start":{"line":39,"column":15},"end":{"line":39,"column":null}},"20":{"start":{"line":47,"column":2},"end":{"line":47,"column":null}},"21":{"start":{"line":47,"column":25},"end":{"line":47,"column":null}},"22":{"start":{"line":48,"column":2},"end":{"line":50,"column":null}},"23":{"start":{"line":48,"column":36},"end":{"line":48,"column":76}},"24":{"start":{"line":49,"column":14},"end":{"line":49,"column":null}},"25":{"start":{"line":55,"column":2},"end":{"line":55,"column":null}},"26":{"start":{"line":55,"column":25},"end":{"line":55,"column":null}},"27":{"start":{"line":56,"column":17},"end":{"line":56,"column":null}},"28":{"start":{"line":57,"column":2},"end":{"line":57,"column":null}},"29":{"start":{"line":57,"column":28},"end":{"line":57,"column":42}},"30":{"start":{"line":64,"column":2},"end":{"line":64,"column":null}},"31":{"start":{"line":64,"column":25},"end":{"line":64,"column":null}},"32":{"start":{"line":65,"column":2},"end":{"line":67,"column":null}},"33":{"start":{"line":65,"column":36},"end":{"line":65,"column":78}},"34":{"start":{"line":66,"column":14},"end":{"line":66,"column":null}},"35":{"start":{"line":72,"column":2},"end":{"line":72,"column":null}},"36":{"start":{"line":72,"column":25},"end":{"line":72,"column":null}},"37":{"start":{"line":73,"column":17},"end":{"line":78,"column":null}},"38":{"start":{"line":79,"column":2},"end":{"line":79,"column":null}},"39":{"start":{"line":79,"column":28},"end":{"line":79,"column":55}},"40":{"start":{"line":80,"column":2},"end":{"line":80,"column":null}},"41":{"start":{"line":80,"column":15},"end":{"line":80,"column":null}},"42":{"start":{"line":80,"column":41},"end":{"line":80,"column":71}},"43":{"start":{"line":84,"column":2},"end":{"line":90,"column":null}},"44":{"start":{"line":85,"column":4},"end":{"line":85,"column":null}},"45":{"start":{"line":85,"column":24},"end":{"line":85,"column":null}},"46":{"start":{"line":86,"column":4},"end":{"line":89,"column":null}},"47":{"start":{"line":87,"column":20},"end":{"line":87,"column":null}},"48":{"start":{"line":88,"column":6},"end":{"line":88,"column":null}},"49":{"start":{"line":88,"column":17},"end":{"line":88,"column":null}},"50":{"start":{"line":91,"column":2},"end":{"line":91,"column":null}}},"fnMap":{"0":{"name":"cloneTree","decl":{"start":{"line":7,"column":9},"end":{"line":7,"column":19}},"loc":{"start":{"line":7,"column":57},"end":{"line":12,"column":null}},"line":7},"1":{"name":"(anonymous_1)","decl":{"start":{"line":8,"column":14},"end":{"line":8,"column":19}},"loc":{"start":{"line":8,"column":29},"end":{"line":11,"column":4}},"line":8},"2":{"name":"call","decl":{"start":{"line":15,"column":9},"end":{"line":15,"column":17}},"loc":{"start":{"line":15,"column":78},"end":{"line":23,"column":null}},"line":15},"3":{"name":"(anonymous_3)","decl":{"start":{"line":16,"column":13},"end":{"line":16,"column":22}},"loc":{"start":{"line":16,"column":42},"end":{"line":22,"column":3}},"line":16},"4":{"name":"(anonymous_4)","decl":{"start":{"line":17,"column":4},"end":{"line":17,"column":12}},"loc":{"start":{"line":17,"column":23},"end":{"line":21,"column":5}},"line":17},"5":{"name":"getTree","decl":{"start":{"line":25,"column":16},"end":{"line":25,"column":51}},"loc":{"start":{"line":25,"column":51},"end":{"line":30,"column":null}},"line":25},"6":{"name":"(anonymous_6)","decl":{"start":{"line":27,"column":9},"end":{"line":27,"column":31}},"loc":{"start":{"line":27,"column":38},"end":{"line":27,"column":66}},"line":27},"7":{"name":"(anonymous_7)","decl":{"start":{"line":27,"column":68},"end":{"line":27,"column":null}},"loc":{"start":{"line":28,"column":15},"end":{"line":28,"column":null}},"line":28},"8":{"name":"getChildren","decl":{"start":{"line":32,"column":16},"end":{"line":32,"column":28}},"loc":{"start":{"line":32,"column":71},"end":{"line":41,"column":null}},"line":32},"9":{"name":"(anonymous_9)","decl":{"start":{"line":38,"column":9},"end":{"line":38,"column":31}},"loc":{"start":{"line":38,"column":38},"end":{"line":38,"column":80}},"line":38},"10":{"name":"(anonymous_10)","decl":{"start":{"line":38,"column":82},"end":{"line":38,"column":null}},"loc":{"start":{"line":39,"column":15},"end":{"line":39,"column":null}},"line":39},"11":{"name":"updateBookmark","decl":{"start":{"line":43,"column":16},"end":{"line":43,"column":null}},"loc":{"start":{"line":46,"column":25},"end":{"line":51,"column":null}},"line":46},"12":{"name":"(anonymous_12)","decl":{"start":{"line":48,"column":9},"end":{"line":48,"column":29}},"loc":{"start":{"line":48,"column":36},"end":{"line":48,"column":76}},"line":48},"13":{"name":"(anonymous_13)","decl":{"start":{"line":48,"column":78},"end":{"line":48,"column":null}},"loc":{"start":{"line":49,"column":14},"end":{"line":49,"column":null}},"line":49},"14":{"name":"removeBookmark","decl":{"start":{"line":54,"column":16},"end":{"line":54,"column":31}},"loc":{"start":{"line":54,"column":77},"end":{"line":58,"column":null}},"line":54},"15":{"name":"(anonymous_15)","decl":{"start":{"line":57,"column":9},"end":{"line":57,"column":21}},"loc":{"start":{"line":57,"column":28},"end":{"line":57,"column":42}},"line":57},"16":{"name":"moveBookmark","decl":{"start":{"line":60,"column":16},"end":{"line":60,"column":null}},"loc":{"start":{"line":63,"column":25},"end":{"line":68,"column":null}},"line":63},"17":{"name":"(anonymous_17)","decl":{"start":{"line":65,"column":9},"end":{"line":65,"column":29}},"loc":{"start":{"line":65,"column":36},"end":{"line":65,"column":78}},"line":65},"18":{"name":"(anonymous_18)","decl":{"start":{"line":65,"column":80},"end":{"line":65,"column":null}},"loc":{"start":{"line":66,"column":14},"end":{"line":66,"column":null}},"line":66},"19":{"name":"onBookmarksChanged","decl":{"start":{"line":71,"column":16},"end":{"line":71,"column":35}},"loc":{"start":{"line":71,"column":69},"end":{"line":81,"column":null}},"line":71},"20":{"name":"(anonymous_20)","decl":{"start":{"line":72,"column":25},"end":{"line":72,"column":38}},"loc":{"start":{"line":72,"column":38},"end":{"line":72,"column":null}},"line":72},"21":{"name":"(anonymous_21)","decl":{"start":{"line":79,"column":9},"end":{"line":79,"column":18}},"loc":{"start":{"line":79,"column":28},"end":{"line":79,"column":55}},"line":79},"22":{"name":"(anonymous_22)","decl":{"start":{"line":80,"column":2},"end":{"line":80,"column":15}},"loc":{"start":{"line":80,"column":15},"end":{"line":80,"column":null}},"line":80},"23":{"name":"(anonymous_23)","decl":{"start":{"line":80,"column":22},"end":{"line":80,"column":31}},"loc":{"start":{"line":80,"column":41},"end":{"line":80,"column":71}},"line":80},"24":{"name":"findInTree","decl":{"start":{"line":83,"column":9},"end":{"line":83,"column":20}},"loc":{"start":{"line":83,"column":81},"end":{"line":92,"column":null}},"line":83}},"branchMap":{"0":{"loc":{"start":{"line":10,"column":14},"end":{"line":10,"column":null}},"type":"cond-expr","locations":[{"start":{"line":10,"column":30},"end":{"line":10,"column":57}},{"start":{"line":10,"column":57},"end":{"line":10,"column":null}}],"line":10},"1":{"loc":{"start":{"line":19,"column":6},"end":{"line":20,"column":null}},"type":"if","locations":[{"start":{"line":19,"column":6},"end":{"line":20,"column":null}},{"start":{"line":20,"column":11},"end":{"line":20,"column":null}}],"line":19},"2":{"loc":{"start":{"line":26,"column":2},"end":{"line":26,"column":null}},"type":"if","locations":[{"start":{"line":26,"column":2},"end":{"line":26,"column":null}},{"start":{},"end":{}}],"line":26},"3":{"loc":{"start":{"line":33,"column":2},"end":{"line":37,"column":null}},"type":"if","locations":[{"start":{"line":33,"column":2},"end":{"line":37,"column":null}},{"start":{},"end":{}}],"line":33},"4":{"loc":{"start":{"line":36,"column":27},"end":{"line":36,"column":48}},"type":"binary-expr","locations":[{"start":{"line":36,"column":27},"end":{"line":36,"column":46}},{"start":{"line":36,"column":46},"end":{"line":36,"column":48}}],"line":36},"5":{"loc":{"start":{"line":47,"column":2},"end":{"line":47,"column":null}},"type":"if","locations":[{"start":{"line":47,"column":2},"end":{"line":47,"column":null}},{"start":{},"end":{}}],"line":47},"6":{"loc":{"start":{"line":54,"column":43},"end":{"line":54,"column":77}},"type":"default-arg","locations":[{"start":{"line":54,"column":55},"end":{"line":54,"column":77}}],"line":54},"7":{"loc":{"start":{"line":55,"column":2},"end":{"line":55,"column":null}},"type":"if","locations":[{"start":{"line":55,"column":2},"end":{"line":55,"column":null}},{"start":{},"end":{}}],"line":55},"8":{"loc":{"start":{"line":56,"column":17},"end":{"line":56,"column":null}},"type":"cond-expr","locations":[{"start":{"line":56,"column":29},"end":{"line":56,"column":59}},{"start":{"line":56,"column":59},"end":{"line":56,"column":null}}],"line":56},"9":{"loc":{"start":{"line":64,"column":2},"end":{"line":64,"column":null}},"type":"if","locations":[{"start":{"line":64,"column":2},"end":{"line":64,"column":null}},{"start":{},"end":{}}],"line":64},"10":{"loc":{"start":{"line":72,"column":2},"end":{"line":72,"column":null}},"type":"if","locations":[{"start":{"line":72,"column":2},"end":{"line":72,"column":null}},{"start":{},"end":{}}],"line":72},"11":{"loc":{"start":{"line":85,"column":4},"end":{"line":85,"column":null}},"type":"if","locations":[{"start":{"line":85,"column":4},"end":{"line":85,"column":null}},{"start":{},"end":{}}],"line":85},"12":{"loc":{"start":{"line":86,"column":4},"end":{"line":89,"column":null}},"type":"if","locations":[{"start":{"line":86,"column":4},"end":{"line":89,"column":null}},{"start":{},"end":{}}],"line":86},"13":{"loc":{"start":{"line":88,"column":6},"end":{"line":88,"column":null}},"type":"if","locations":[{"start":{"line":88,"column":6},"end":{"line":88,"column":null}},{"start":{},"end":{}}],"line":88}},"s":{"0":0,"1":0,"2":34,"3":34,"4":34,"5":34,"6":0,"7":34,"8":21,"9":0,"10":21,"11":21,"12":21,"13":1,"14":0,"15":0,"16":0,"17":1,"18":1,"19":1,"20":4,"21":0,"22":4,"23":4,"24":4,"25":5,"26":0,"27":5,"28":5,"29":5,"30":3,"31":0,"32":3,"33":3,"34":3,"35":13,"36":0,"37":13,"38":13,"39":52,"40":13,"41":2,"42":8,"43":0,"44":0,"45":0,"46":0,"47":0,"48":0,"49":0,"50":0},"f":{"0":0,"1":0,"2":34,"3":34,"4":34,"5":21,"6":21,"7":21,"8":1,"9":1,"10":1,"11":4,"12":4,"13":4,"14":5,"15":5,"16":3,"17":3,"18":3,"19":13,"20":0,"21":52,"22":2,"23":8,"24":0},"b":{"0":[0,0],"1":[0,34],"2":[0,21],"3":[0,1],"4":[0,0],"5":[0,4],"6":[5],"7":[0,5],"8":[2,3],"9":[0,3],"10":[0,13],"11":[0,0],"12":[0,0],"13":[0,0]},"meta":{"lastBranch":14,"lastFunction":25,"lastStatement":51,"seen":{"f:7:9:7:19":0,"s:8:2:11:Infinity":0,"f:8:14:8:19":1,"s:8:29:11:4":1,"b:10:30:10:57:10:57:10:Infinity":0,"f:15:9:15:17":2,"s:16:2:22:Infinity":2,"f:16:13:16:22":3,"s:17:4:21:Infinity":3,"f:17:4:17:12":4,"s:18:18:18:Infinity":4,"b:19:6:20:Infinity:20:11:20:Infinity":1,"s:19:6:20:Infinity":5,"s:19:15:19:Infinity":6,"s:20:11:20:Infinity":7,"f:25:16:25:51":5,"b:26:2:26:Infinity:undefined:undefined:undefined:undefined":2,"s:26:2:26:Infinity":8,"s:26:25:26:Infinity":9,"s:27:2:29:Infinity":10,"f:27:9:27:31":6,"s:27:38:27:66":11,"f:27:68:27:Infinity":7,"s:28:15:28:Infinity":12,"f:32:16:32:28":8,"b:33:2:37:Infinity:undefined:undefined:undefined:undefined":3,"s:33:2:37:Infinity":13,"s:34:17:34:Infinity":14,"s:35:18:35:Infinity":15,"s:36:4:36:Infinity":16,"b:36:27:36:46:36:46:36:48":4,"s:38:2:40:Infinity":17,"f:38:9:38:31":9,"s:38:38:38:80":18,"f:38:82:38:Infinity":10,"s:39:15:39:Infinity":19,"f:43:16:43:Infinity":11,"b:47:2:47:Infinity:undefined:undefined:undefined:undefined":5,"s:47:2:47:Infinity":20,"s:47:25:47:Infinity":21,"s:48:2:50:Infinity":22,"f:48:9:48:29":12,"s:48:36:48:76":23,"f:48:78:48:Infinity":13,"s:49:14:49:Infinity":24,"f:54:16:54:31":14,"b:54:55:54:77":6,"b:55:2:55:Infinity:undefined:undefined:undefined:undefined":7,"s:55:2:55:Infinity":25,"s:55:25:55:Infinity":26,"s:56:17:56:Infinity":27,"b:56:29:56:59:56:59:56:Infinity":8,"s:57:2:57:Infinity":28,"f:57:9:57:21":15,"s:57:28:57:42":29,"f:60:16:60:Infinity":16,"b:64:2:64:Infinity:undefined:undefined:undefined:undefined":9,"s:64:2:64:Infinity":30,"s:64:25:64:Infinity":31,"s:65:2:67:Infinity":32,"f:65:9:65:29":17,"s:65:36:65:78":33,"f:65:80:65:Infinity":18,"s:66:14:66:Infinity":34,"f:71:16:71:35":19,"b:72:2:72:Infinity:undefined:undefined:undefined:undefined":10,"s:72:2:72:Infinity":35,"s:72:25:72:Infinity":36,"f:72:25:72:38":20,"s:73:17:78:Infinity":37,"s:79:2:79:Infinity":38,"f:79:9:79:18":21,"s:79:28:79:55":39,"s:80:2:80:Infinity":40,"f:80:2:80:15":22,"s:80:15:80:Infinity":41,"f:80:22:80:31":23,"s:80:41:80:71":42,"f:83:9:83:20":24,"s:84:2:90:Infinity":43,"b:85:4:85:Infinity:undefined:undefined:undefined:undefined":11,"s:85:4:85:Infinity":44,"s:85:24:85:Infinity":45,"b:86:4:89:Infinity:undefined:undefined:undefined:undefined":12,"s:86:4:89:Infinity":46,"s:87:20:87:Infinity":47,"b:88:6:88:Infinity:undefined:undefined:undefined:undefined":13,"s:88:6:88:Infinity":48,"s:88:17:88:Infinity":49,"s:91:2:91:Infinity":50},"fnNames":{}}}
,"C:\\Users\\Administrator\\Codes\\Leafmark\\src\\lib\\chrome-storage.ts": {"path":"C:\\Users\\Administrator\\Codes\\Leafmark\\src\\lib\\chrome-storage.ts","statementMap":{"0":{"start":{"line":12,"column":2},"end":{"line":15,"column":null}},"1":{"start":{"line":13,"column":16},"end":{"line":13,"column":null}},"2":{"start":{"line":14,"column":4},"end":{"line":14,"column":null}},"3":{"start":{"line":16,"column":2},"end":{"line":21,"column":null}},"4":{"start":{"line":18,"column":4},"end":{"line":20,"column":null}},"5":{"start":{"line":19,"column":6},"end":{"line":19,"column":null}},"6":{"start":{"line":29,"column":2},"end":{"line":32,"column":null}},"7":{"start":{"line":30,"column":4},"end":{"line":30,"column":null}},"8":{"start":{"line":31,"column":4},"end":{"line":31,"column":null}},"9":{"start":{"line":33,"column":2},"end":{"line":35,"column":null}},"10":{"start":{"line":34,"column":4},"end":{"line":34,"column":null}},"11":{"start":{"line":34,"column":53},"end":{"line":34,"column":62}},"12":{"start":{"line":43,"column":2},"end":{"line":43,"column":null}},"13":{"start":{"line":43,"column":25},"end":{"line":43,"column":null}},"14":{"start":{"line":44,"column":8},"end":{"line":52,"column":null}},"15":{"start":{"line":48,"column":4},"end":{"line":48,"column":null}},"16":{"start":{"line":48,"column":27},"end":{"line":48,"column":null}},"17":{"start":{"line":49,"column":4},"end":{"line":51,"column":null}},"18":{"start":{"line":50,"column":6},"end":{"line":50,"column":null}},"19":{"start":{"line":53,"column":2},"end":{"line":53,"column":null}},"20":{"start":{"line":54,"column":2},"end":{"line":54,"column":null}},"21":{"start":{"line":54,"column":15},"end":{"line":54,"column":null}}},"fnMap":{"0":{"name":"storageGet","decl":{"start":{"line":7,"column":22},"end":{"line":7,"column":null}},"loc":{"start":{"line":11,"column":14},"end":{"line":22,"column":null}},"line":11},"1":{"name":"(anonymous_1)","decl":{"start":{"line":16,"column":13},"end":{"line":16,"column":22}},"loc":{"start":{"line":16,"column":34},"end":{"line":21,"column":3}},"line":16},"2":{"name":"(anonymous_2)","decl":{"start":{"line":18,"column":47},"end":{"line":18,"column":51}},"loc":{"start":{"line":18,"column":61},"end":{"line":20,"column":5}},"line":18},"3":{"name":"storageSet","decl":{"start":{"line":24,"column":22},"end":{"line":24,"column":null}},"loc":{"start":{"line":28,"column":17},"end":{"line":36,"column":null}},"line":28},"4":{"name":"(anonymous_4)","decl":{"start":{"line":33,"column":13},"end":{"line":33,"column":22}},"loc":{"start":{"line":33,"column":34},"end":{"line":35,"column":3}},"line":33},"5":{"name":"(anonymous_5)","decl":{"start":{"line":34,"column":44},"end":{"line":34,"column":53}},"loc":{"start":{"line":34,"column":53},"end":{"line":34,"column":62}},"line":34},"6":{"name":"onStorageChanged","decl":{"start":{"line":39,"column":16},"end":{"line":39,"column":null}},"loc":{"start":{"line":42,"column":14},"end":{"line":55,"column":null}},"line":42},"7":{"name":"(anonymous_7)","decl":{"start":{"line":43,"column":25},"end":{"line":43,"column":38}},"loc":{"start":{"line":43,"column":38},"end":{"line":43,"column":null}},"line":43},"8":{"name":"(anonymous_8)","decl":{"start":{"line":44,"column":8},"end":{"line":44,"column":null}},"loc":{"start":{"line":47,"column":7},"end":{"line":52,"column":null}},"line":47},"9":{"name":"(anonymous_9)","decl":{"start":{"line":54,"column":2},"end":{"line":54,"column":15}},"loc":{"start":{"line":54,"column":15},"end":{"line":54,"column":null}},"line":54}},"branchMap":{"0":{"loc":{"start":{"line":10,"column":2},"end":{"line":10,"column":null}},"type":"default-arg","locations":[{"start":{"line":10,"column":26},"end":{"line":10,"column":null}}],"line":10},"1":{"loc":{"start":{"line":12,"column":2},"end":{"line":15,"column":null}},"type":"if","locations":[{"start":{"line":12,"column":2},"end":{"line":15,"column":null}},{"start":{},"end":{}}],"line":12},"2":{"loc":{"start":{"line":14,"column":11},"end":{"line":14,"column":null}},"type":"cond-expr","locations":[{"start":{"line":14,"column":26},"end":{"line":14,"column":38}},{"start":{"line":14,"column":38},"end":{"line":14,"column":null}}],"line":14},"3":{"loc":{"start":{"line":19,"column":15},"end":{"line":19,"column":43}},"type":"binary-expr","locations":[{"start":{"line":19,"column":15},"end":{"line":19,"column":29}},{"start":{"line":19,"column":29},"end":{"line":19,"column":43}}],"line":19},"4":{"loc":{"start":{"line":27,"column":2},"end":{"line":27,"column":null}},"type":"default-arg","locations":[{"start":{"line":27,"column":26},"end":{"line":27,"column":null}}],"line":27},"5":{"loc":{"start":{"line":29,"column":2},"end":{"line":32,"column":null}},"type":"if","locations":[{"start":{"line":29,"column":2},"end":{"line":32,"column":null}},{"start":{},"end":{}}],"line":29},"6":{"loc":{"start":{"line":41,"column":2},"end":{"line":41,"column":null}},"type":"default-arg","locations":[{"start":{"line":41,"column":26},"end":{"line":41,"column":null}}],"line":41},"7":{"loc":{"start":{"line":43,"column":2},"end":{"line":43,"column":null}},"type":"if","locations":[{"start":{"line":43,"column":2},"end":{"line":43,"column":null}},{"start":{},"end":{}}],"line":43},"8":{"loc":{"start":{"line":48,"column":4},"end":{"line":48,"column":null}},"type":"if","locations":[{"start":{"line":48,"column":4},"end":{"line":48,"column":null}},{"start":{},"end":{}}],"line":48}},"s":{"0":80,"1":1,"2":1,"3":79,"4":79,"5":79,"6":28,"7":1,"8":1,"9":27,"10":27,"11":27,"12":20,"13":0,"14":20,"15":41,"16":20,"17":21,"18":21,"19":20,"20":20,"21":2},"f":{"0":80,"1":79,"2":79,"3":28,"4":27,"5":27,"6":20,"7":0,"8":41,"9":2},"b":{"0":[80],"1":[1,79],"2":[0,1],"3":[79,27],"4":[28],"5":[1,27],"6":[20],"7":[0,20],"8":[20,21]},"meta":{"lastBranch":9,"lastFunction":10,"lastStatement":22,"seen":{"f:7:22:7:Infinity":0,"b:10:26:10:Infinity":0,"b:12:2:15:Infinity:undefined:undefined:undefined:undefined":1,"s:12:2:15:Infinity":0,"s:13:16:13:Infinity":1,"s:14:4:14:Infinity":2,"b:14:26:14:38:14:38:14:Infinity":2,"s:16:2:21:Infinity":3,"f:16:13:16:22":1,"s:18:4:20:Infinity":4,"f:18:47:18:51":2,"s:19:6:19:Infinity":5,"b:19:15:19:29:19:29:19:43":3,"f:24:22:24:Infinity":3,"b:27:26:27:Infinity":4,"b:29:2:32:Infinity:undefined:undefined:undefined:undefined":5,"s:29:2:32:Infinity":6,"s:30:4:30:Infinity":7,"s:31:4:31:Infinity":8,"s:33:2:35:Infinity":9,"f:33:13:33:22":4,"s:34:4:34:Infinity":10,"f:34:44:34:53":5,"s:34:53:34:62":11,"f:39:16:39:Infinity":6,"b:41:26:41:Infinity":6,"b:43:2:43:Infinity:undefined:undefined:undefined:undefined":7,"s:43:2:43:Infinity":12,"s:43:25:43:Infinity":13,"f:43:25:43:38":7,"s:44:8:52:Infinity":14,"f:44:8:44:Infinity":8,"b:48:4:48:Infinity:undefined:undefined:undefined:undefined":8,"s:48:4:48:Infinity":15,"s:48:27:48:Infinity":16,"s:49:4:51:Infinity":17,"s:50:6:50:Infinity":18,"s:53:2:53:Infinity":19,"s:54:2:54:Infinity":20,"f:54:2:54:15":9,"s:54:15:54:Infinity":21},"fnNames":{}}}
,"C:\\Users\\Administrator\\Codes\\Leafmark\\src\\lib\\dev-fixtures.ts": {"path":"C:\\Users\\Administrator\\Codes\\Leafmark\\src\\lib\\dev-fixtures.ts","statementMap":{"0":{"start":{"line":5,"column":49},"end":{"line":36,"column":null}}},"fnMap":{},"branchMap":{},"s":{"0":14},"f":{},"b":{},"meta":{"lastBranch":0,"lastFunction":0,"lastStatement":1,"seen":{"s:5:49:36:Infinity":0},"fnNames":{}}}
,"C:\\Users\\Administrator\\Codes\\Leafmark\\src\\lib\\drag-utils.ts": {"path":"C:\\Users\\Administrator\\Codes\\Leafmark\\src\\lib\\drag-utils.ts","statementMap":{"0":{"start":{"line":24,"column":2},"end":{"line":24,"column":null}},"1":{"start":{"line":24,"column":26},"end":{"line":24,"column":null}},"2":{"start":{"line":25,"column":14},"end":{"line":25,"column":null}},"3":{"start":{"line":26,"column":17},"end":{"line":26,"column":null}},"4":{"start":{"line":27,"column":19},"end":{"line":27,"column":null}},"5":{"start":{"line":28,"column":20},"end":{"line":28,"column":null}},"6":{"start":{"line":29,"column":2},"end":{"line":29,"column":null}},"7":{"start":{"line":36,"column":2},"end":{"line":36,"column":null}},"8":{"start":{"line":46,"column":2},"end":{"line":46,"column":null}}},"fnMap":{"0":{"name":"computeDropIndex","decl":{"start":{"line":17,"column":16},"end":{"line":17,"column":null}},"loc":{"start":{"line":23,"column":14},"end":{"line":30,"column":null}},"line":23},"1":{"name":"dropIntoFolder","decl":{"start":{"line":35,"column":16},"end":{"line":35,"column":31}},"loc":{"start":{"line":35,"column":61},"end":{"line":37,"column":null}},"line":35},"2":{"name":"isSamePosition","decl":{"start":{"line":40,"column":16},"end":{"line":40,"column":null}},"loc":{"start":{"line":45,"column":11},"end":{"line":47,"column":null}},"line":45}},"branchMap":{"0":{"loc":{"start":{"line":24,"column":2},"end":{"line":24,"column":null}},"type":"if","locations":[{"start":{"line":24,"column":2},"end":{"line":24,"column":null}},{"start":{},"end":{}}],"line":24},"1":{"loc":{"start":{"line":46,"column":9},"end":{"line":46,"column":null}},"type":"binary-expr","locations":[{"start":{"line":46,"column":9},"end":{"line":46,"column":47}},{"start":{"line":46,"column":47},"end":{"line":46,"column":null}}],"line":46}},"s":{"0":5,"1":1,"2":4,"3":4,"4":4,"5":4,"6":4,"7":1,"8":3},"f":{"0":5,"1":1,"2":3},"b":{"0":[1,4],"1":[3,2]},"meta":{"lastBranch":2,"lastFunction":3,"lastStatement":9,"seen":{"f:17:16:17:Infinity":0,"b:24:2:24:Infinity:undefined:undefined:undefined:undefined":0,"s:24:2:24:Infinity":0,"s:24:26:24:Infinity":1,"s:25:14:25:Infinity":2,"s:26:17:26:Infinity":3,"s:27:19:27:Infinity":4,"s:28:20:28:Infinity":5,"s:29:2:29:Infinity":6,"f:35:16:35:31":1,"s:36:2:36:Infinity":7,"f:40:16:40:Infinity":2,"s:46:2:46:Infinity":8,"b:46:9:46:47:46:47:46:Infinity":1},"fnNames":{}}}
,"C:\\Users\\Administrator\\Codes\\Leafmark\\src\\lib\\env.ts": {"path":"C:\\Users\\Administrator\\Codes\\Leafmark\\src\\lib\\env.ts","statementMap":{"0":{"start":{"line":3,"column":2},"end":{"line":3,"column":null}}},"fnMap":{"0":{"name":"isExtensionEnv","decl":{"start":{"line":2,"column":16},"end":{"line":2,"column":42}},"loc":{"start":{"line":2,"column":42},"end":{"line":4,"column":null}},"line":2}},"branchMap":{"0":{"loc":{"start":{"line":3,"column":9},"end":{"line":3,"column":null}},"type":"binary-expr","locations":[{"start":{"line":3,"column":9},"end":{"line":3,"column":42}},{"start":{"line":3,"column":42},"end":{"line":3,"column":null}}],"line":3}},"s":{"0":182},"f":{"0":182},"b":{"0":[182,180]},"meta":{"lastBranch":1,"lastFunction":1,"lastStatement":1,"seen":{"f:2:16:2:42":0,"s:3:2:3:Infinity":0,"b:3:9:3:42:3:42:3:Infinity":0},"fnNames":{}}}
,"C:\\Users\\Administrator\\Codes\\Leafmark\\src\\lib\\favicon.ts": {"path":"C:\\Users\\Administrator\\Codes\\Leafmark\\src\\lib\\favicon.ts","statementMap":{"0":{"start":{"line":6,"column":2},"end":{"line":6,"column":null}},"1":{"start":{"line":6,"column":25},"end":{"line":6,"column":null}},"2":{"start":{"line":7,"column":14},"end":{"line":7,"column":null}},"3":{"start":{"line":8,"column":2},"end":{"line":8,"column":null}},"4":{"start":{"line":9,"column":2},"end":{"line":9,"column":null}},"5":{"start":{"line":10,"column":2},"end":{"line":10,"column":null}}},"fnMap":{"0":{"name":"faviconUrl","decl":{"start":{"line":5,"column":16},"end":{"line":5,"column":27}},"loc":{"start":{"line":5,"column":77},"end":{"line":11,"column":null}},"line":5}},"branchMap":{"0":{"loc":{"start":{"line":5,"column":44},"end":{"line":5,"column":77}},"type":"default-arg","locations":[{"start":{"line":5,"column":65},"end":{"line":5,"column":77}}],"line":5},"1":{"loc":{"start":{"line":6,"column":2},"end":{"line":6,"column":null}},"type":"if","locations":[{"start":{"line":6,"column":2},"end":{"line":6,"column":null}},{"start":{},"end":{}}],"line":6}},"s":{"0":1,"1":0,"2":1,"3":1,"4":1,"5":1},"f":{"0":1},"b":{"0":[1],"1":[0,1]},"meta":{"lastBranch":2,"lastFunction":1,"lastStatement":6,"seen":{"f:5:16:5:27":0,"b:5:65:5:77":0,"b:6:2:6:Infinity:undefined:undefined:undefined:undefined":1,"s:6:2:6:Infinity":0,"s:6:25:6:Infinity":1,"s:7:14:7:Infinity":2,"s:8:2:8:Infinity":3,"s:9:2:9:Infinity":4,"s:10:2:10:Infinity":5},"fnNames":{}}}
,"C:\\Users\\Administrator\\Codes\\Leafmark\\src\\lib\\greeting.ts": {"path":"C:\\Users\\Administrator\\Codes\\Leafmark\\src\\lib\\greeting.ts","statementMap":{"0":{"start":{"line":5,"column":12},"end":{"line":5,"column":null}},"1":{"start":{"line":6,"column":2},"end":{"line":6,"column":null}},"2":{"start":{"line":6,"column":13},"end":{"line":6,"column":null}},"3":{"start":{"line":7,"column":2},"end":{"line":7,"column":null}},"4":{"start":{"line":7,"column":14},"end":{"line":7,"column":null}},"5":{"start":{"line":8,"column":2},"end":{"line":8,"column":null}},"6":{"start":{"line":8,"column":14},"end":{"line":8,"column":null}},"7":{"start":{"line":9,"column":2},"end":{"line":9,"column":null}},"8":{"start":{"line":9,"column":14},"end":{"line":9,"column":null}},"9":{"start":{"line":10,"column":2},"end":{"line":10,"column":null}}},"fnMap":{"0":{"name":"greetingKey","decl":{"start":{"line":4,"column":16},"end":{"line":4,"column":28}},"loc":{"start":{"line":4,"column":59},"end":{"line":11,"column":null}},"line":4}},"branchMap":{"0":{"loc":{"start":{"line":4,"column":28},"end":{"line":4,"column":59}},"type":"default-arg","locations":[{"start":{"line":4,"column":35},"end":{"line":4,"column":59}}],"line":4},"1":{"loc":{"start":{"line":6,"column":2},"end":{"line":6,"column":null}},"type":"if","locations":[{"start":{"line":6,"column":2},"end":{"line":6,"column":null}},{"start":{},"end":{}}],"line":6},"2":{"loc":{"start":{"line":7,"column":2},"end":{"line":7,"column":null}},"type":"if","locations":[{"start":{"line":7,"column":2},"end":{"line":7,"column":null}},{"start":{},"end":{}}],"line":7},"3":{"loc":{"start":{"line":8,"column":2},"end":{"line":8,"column":null}},"type":"if","locations":[{"start":{"line":8,"column":2},"end":{"line":8,"column":null}},{"start":{},"end":{}}],"line":8},"4":{"loc":{"start":{"line":9,"column":2},"end":{"line":9,"column":null}},"type":"if","locations":[{"start":{"line":9,"column":2},"end":{"line":9,"column":null}},{"start":{},"end":{}}],"line":9}},"s":{"0":9,"1":9,"2":2,"3":7,"4":2,"5":5,"6":2,"7":3,"8":2,"9":1},"f":{"0":9},"b":{"0":[9],"1":[2,7],"2":[2,5],"3":[2,3],"4":[2,1]},"meta":{"lastBranch":5,"lastFunction":1,"lastStatement":10,"seen":{"f:4:16:4:28":0,"b:4:35:4:59":0,"s:5:12:5:Infinity":0,"b:6:2:6:Infinity:undefined:undefined:undefined:undefined":1,"s:6:2:6:Infinity":1,"s:6:13:6:Infinity":2,"b:7:2:7:Infinity:undefined:undefined:undefined:undefined":2,"s:7:2:7:Infinity":3,"s:7:14:7:Infinity":4,"b:8:2:8:Infinity:undefined:undefined:undefined:undefined":3,"s:8:2:8:Infinity":5,"s:8:14:8:Infinity":6,"b:9:2:9:Infinity:undefined:undefined:undefined:undefined":4,"s:9:2:9:Infinity":7,"s:9:14:9:Infinity":8,"s:10:2:10:Infinity":9},"fnNames":{}}}
,"C:\\Users\\Administrator\\Codes\\Leafmark\\src\\lib\\i18n.ts": {"path":"C:\\Users\\Administrator\\Codes\\Leafmark\\src\\lib\\i18n.ts","statementMap":{"0":{"start":{"line":5,"column":17},"end":{"line":140,"column":null}},"1":{"start":{"line":147,"column":4},"end":{"line":149,"column":null}},"2":{"start":{"line":150,"column":2},"end":{"line":150,"column":null}},"3":{"start":{"line":154,"column":17},"end":{"line":154,"column":null}},"4":{"start":{"line":155,"column":2},"end":{"line":155,"column":null}}},"fnMap":{"0":{"name":"uiLocale","decl":{"start":{"line":145,"column":9},"end":{"line":145,"column":28}},"loc":{"start":{"line":145,"column":28},"end":{"line":151,"column":null}},"line":145},"1":{"name":"t","decl":{"start":{"line":153,"column":16},"end":{"line":153,"column":18}},"loc":{"start":{"line":153,"column":43},"end":{"line":156,"column":null}},"line":153}},"branchMap":{"0":{"loc":{"start":{"line":147,"column":4},"end":{"line":149,"column":null}},"type":"cond-expr","locations":[{"start":{"line":148,"column":8},"end":{"line":148,"column":null}},{"start":{"line":149,"column":8},"end":{"line":149,"column":null}}],"line":147},"1":{"loc":{"start":{"line":147,"column":4},"end":{"line":147,"column":null}},"type":"binary-expr","locations":[{"start":{"line":147,"column":4},"end":{"line":147,"column":37}},{"start":{"line":147,"column":37},"end":{"line":147,"column":null}}],"line":147},"2":{"loc":{"start":{"line":150,"column":9},"end":{"line":150,"column":null}},"type":"cond-expr","locations":[{"start":{"line":150,"column":46},"end":{"line":150,"column":56}},{"start":{"line":150,"column":56},"end":{"line":150,"column":null}}],"line":150},"3":{"loc":{"start":{"line":155,"column":9},"end":{"line":155,"column":null}},"type":"binary-expr","locations":[{"start":{"line":155,"column":9},"end":{"line":155,"column":34}},{"start":{"line":155,"column":34},"end":{"line":155,"column":54}},{"start":{"line":155,"column":54},"end":{"line":155,"column":null}}],"line":155}},"s":{"0":3,"1":140,"2":140,"3":140,"4":140},"f":{"0":140,"1":140},"b":{"0":[140,0],"1":[140,140],"2":[140,0],"3":[140,0,0]},"meta":{"lastBranch":4,"lastFunction":2,"lastStatement":5,"seen":{"s:5:17:140:Infinity":0,"f:145:9:145:28":0,"s:147:4:149:Infinity":1,"b:148:8:148:Infinity:149:8:149:Infinity":0,"b:147:4:147:37:147:37:147:Infinity":1,"s:150:2:150:Infinity":2,"b:150:46:150:56:150:56:150:Infinity":2,"f:153:16:153:18":1,"s:154:17:154:Infinity":3,"s:155:2:155:Infinity":4,"b:155:9:155:34:155:34:155:54:155:54:155:Infinity":3},"fnNames":{}}}
,"C:\\Users\\Administrator\\Codes\\Leafmark\\src\\lib\\qrcode.ts": {"path":"C:\\Users\\Administrator\\Codes\\Leafmark\\src\\lib\\qrcode.ts","statementMap":{"0":{"start":{"line":7,"column":2},"end":{"line":12,"column":null}},"1":{"start":{"line":17,"column":15},"end":{"line":17,"column":null}},"2":{"start":{"line":18,"column":12},"end":{"line":18,"column":null}},"3":{"start":{"line":19,"column":2},"end":{"line":19,"column":null}},"4":{"start":{"line":20,"column":2},"end":{"line":20,"column":null}},"5":{"start":{"line":21,"column":2},"end":{"line":21,"column":null}},"6":{"start":{"line":22,"column":2},"end":{"line":22,"column":null}},"7":{"start":{"line":23,"column":2},"end":{"line":23,"column":null}}},"fnMap":{"0":{"name":"generateQrDataUrl","decl":{"start":{"line":6,"column":22},"end":{"line":6,"column":40}},"loc":{"start":{"line":6,"column":83},"end":{"line":13,"column":null}},"line":6},"1":{"name":"downloadQr","decl":{"start":{"line":16,"column":16},"end":{"line":16,"column":27}},"loc":{"start":{"line":16,"column":65},"end":{"line":24,"column":null}},"line":16}},"branchMap":{"0":{"loc":{"start":{"line":6,"column":54},"end":{"line":6,"column":83}},"type":"default-arg","locations":[{"start":{"line":6,"column":61},"end":{"line":6,"column":83}}],"line":6},"1":{"loc":{"start":{"line":17,"column":15},"end":{"line":17,"column":null}},"type":"binary-expr","locations":[{"start":{"line":17,"column":15},"end":{"line":17,"column":66}},{"start":{"line":17,"column":66},"end":{"line":17,"column":null}}],"line":17}},"s":{"0":1,"1":0,"2":0,"3":0,"4":0,"5":0,"6":0,"7":0},"f":{"0":1,"1":0},"b":{"0":[1],"1":[0,0]},"meta":{"lastBranch":2,"lastFunction":2,"lastStatement":8,"seen":{"f:6:22:6:40":0,"b:6:61:6:83":0,"s:7:2:12:Infinity":0,"f:16:16:16:27":1,"s:17:15:17:Infinity":1,"b:17:15:17:66:17:66:17:Infinity":1,"s:18:12:18:Infinity":2,"s:19:2:19:Infinity":3,"s:20:2:20:Infinity":4,"s:21:2:21:Infinity":5,"s:22:2:22:Infinity":6,"s:23:2:23:Infinity":7},"fnNames":{}}}
,"C:\\Users\\Administrator\\Codes\\Leafmark\\src\\lib\\tabs.ts": {"path":"C:\\Users\\Administrator\\Codes\\Leafmark\\src\\lib\\tabs.ts","statementMap":{"0":{"start":{"line":7,"column":2},"end":{"line":14,"column":null}},"1":{"start":{"line":8,"column":4},"end":{"line":12,"column":null}},"2":{"start":{"line":9,"column":6},"end":{"line":9,"column":null}},"3":{"start":{"line":11,"column":6},"end":{"line":11,"column":null}},"4":{"start":{"line":13,"column":4},"end":{"line":13,"column":null}},"5":{"start":{"line":16,"column":2},"end":{"line":16,"column":null}},"6":{"start":{"line":24,"column":16},"end":{"line":24,"column":null}},"7":{"start":{"line":24,"column":35},"end":{"line":24,"column":38}},"8":{"start":{"line":25,"column":2},"end":{"line":25,"column":null}},"9":{"start":{"line":25,"column":26},"end":{"line":25,"column":null}},"10":{"start":{"line":27,"column":2},"end":{"line":30,"column":null}},"11":{"start":{"line":28,"column":4},"end":{"line":28,"column":null}},"12":{"start":{"line":28,"column":25},"end":{"line":28,"column":49}},"13":{"start":{"line":29,"column":4},"end":{"line":29,"column":null}},"14":{"start":{"line":32,"column":27},"end":{"line":32,"column":null}},"15":{"start":{"line":33,"column":2},"end":{"line":43,"column":null}},"16":{"start":{"line":36,"column":8},"end":{"line":41,"column":null}},"17":{"start":{"line":37,"column":10},"end":{"line":40,"column":null}},"18":{"start":{"line":38,"column":12},"end":{"line":38,"column":null}},"19":{"start":{"line":38,"column":33},"end":{"line":38,"column":null}},"20":{"start":{"line":39,"column":12},"end":{"line":39,"column":null}},"21":{"start":{"line":45,"column":2},"end":{"line":59,"column":null}},"22":{"start":{"line":46,"column":4},"end":{"line":58,"column":null}},"23":{"start":{"line":47,"column":6},"end":{"line":57,"column":null}},"24":{"start":{"line":48,"column":8},"end":{"line":51,"column":null}},"25":{"start":{"line":49,"column":10},"end":{"line":49,"column":null}},"26":{"start":{"line":50,"column":10},"end":{"line":50,"column":null}},"27":{"start":{"line":52,"column":8},"end":{"line":56,"column":null}},"28":{"start":{"line":55,"column":16},"end":{"line":55,"column":null}}},"fnMap":{"0":{"name":"openUrl","decl":{"start":{"line":6,"column":16},"end":{"line":6,"column":24}},"loc":{"start":{"line":6,"column":62},"end":{"line":17,"column":null}},"line":6},"1":{"name":"openAllInGroup","decl":{"start":{"line":23,"column":22},"end":{"line":23,"column":37}},"loc":{"start":{"line":23,"column":89},"end":{"line":60,"column":null}},"line":23},"2":{"name":"(anonymous_2)","decl":{"start":{"line":24,"column":21},"end":{"line":24,"column":29}},"loc":{"start":{"line":24,"column":35},"end":{"line":24,"column":38}},"line":24},"3":{"name":"(anonymous_3)","decl":{"start":{"line":28,"column":10},"end":{"line":28,"column":19}},"loc":{"start":{"line":28,"column":25},"end":{"line":28,"column":49}},"line":28},"4":{"name":"(anonymous_4)","decl":{"start":{"line":34,"column":10},"end":{"line":34,"column":null}},"loc":{"start":{"line":36,"column":8},"end":{"line":41,"column":null}},"line":36},"5":{"name":"(anonymous_5)","decl":{"start":{"line":36,"column":12},"end":{"line":36,"column":27}},"loc":{"start":{"line":36,"column":39},"end":{"line":41,"column":9}},"line":36},"6":{"name":"(anonymous_6)","decl":{"start":{"line":37,"column":50},"end":{"line":37,"column":54}},"loc":{"start":{"line":37,"column":62},"end":{"line":40,"column":11}},"line":37},"7":{"name":"(anonymous_7)","decl":{"start":{"line":46,"column":14},"end":{"line":46,"column":29}},"loc":{"start":{"line":46,"column":41},"end":{"line":58,"column":5}},"line":46},"8":{"name":"(anonymous_8)","decl":{"start":{"line":47,"column":66},"end":{"line":47,"column":70}},"loc":{"start":{"line":47,"column":82},"end":{"line":57,"column":7}},"line":47},"9":{"name":"(anonymous_9)","decl":{"start":{"line":54,"column":45},"end":{"line":54,"column":null}},"loc":{"start":{"line":55,"column":16},"end":{"line":55,"column":null}},"line":55}},"branchMap":{"0":{"loc":{"start":{"line":7,"column":2},"end":{"line":14,"column":null}},"type":"if","locations":[{"start":{"line":7,"column":2},"end":{"line":14,"column":null}},{"start":{},"end":{}}],"line":7},"1":{"loc":{"start":{"line":8,"column":4},"end":{"line":12,"column":null}},"type":"if","locations":[{"start":{"line":8,"column":4},"end":{"line":12,"column":null}},{"start":{"line":10,"column":11},"end":{"line":12,"column":null}}],"line":8},"2":{"loc":{"start":{"line":16,"column":19},"end":{"line":16,"column":48}},"type":"cond-expr","locations":[{"start":{"line":16,"column":30},"end":{"line":16,"column":41}},{"start":{"line":16,"column":41},"end":{"line":16,"column":48}}],"line":16},"3":{"loc":{"start":{"line":25,"column":2},"end":{"line":25,"column":null}},"type":"if","locations":[{"start":{"line":25,"column":2},"end":{"line":25,"column":null}},{"start":{},"end":{}}],"line":25},"4":{"loc":{"start":{"line":27,"column":2},"end":{"line":30,"column":null}},"type":"if","locations":[{"start":{"line":27,"column":2},"end":{"line":30,"column":null}},{"start":{},"end":{}}],"line":27},"5":{"loc":{"start":{"line":38,"column":12},"end":{"line":38,"column":null}},"type":"if","locations":[{"start":{"line":38,"column":12},"end":{"line":38,"column":null}},{"start":{},"end":{}}],"line":38},"6":{"loc":{"start":{"line":45,"column":2},"end":{"line":59,"column":null}},"type":"if","locations":[{"start":{"line":45,"column":2},"end":{"line":59,"column":null}},{"start":{},"end":{}}],"line":45},"7":{"loc":{"start":{"line":45,"column":6},"end":{"line":45,"column":66}},"type":"binary-expr","locations":[{"start":{"line":45,"column":6},"end":{"line":45,"column":27}},{"start":{"line":45,"column":27},"end":{"line":45,"column":48}},{"start":{"line":45,"column":48},"end":{"line":45,"column":66}}],"line":45},"8":{"loc":{"start":{"line":48,"column":8},"end":{"line":51,"column":null}},"type":"if","locations":[{"start":{"line":48,"column":8},"end":{"line":51,"column":null}},{"start":{},"end":{}}],"line":48}},"s":{"0":2,"1":2,"2":1,"3":1,"4":2,"5":0,"6":5,"7":9,"8":5,"9":1,"10":4,"11":0,"12":0,"13":0,"14":4,"15":4,"16":8,"17":8,"18":8,"19":8,"20":8,"21":4,"22":3,"23":3,"24":3,"25":0,"26":0,"27":3,"28":3},"f":{"0":2,"1":5,"2":9,"3":0,"4":8,"5":8,"6":8,"7":3,"8":3,"9":3},"b":{"0":[2,0],"1":[1,1],"2":[0,0],"3":[1,4],"4":[0,4],"5":[8,0],"6":[3,1],"7":[4,3,3],"8":[0,3]},"meta":{"lastBranch":9,"lastFunction":10,"lastStatement":29,"seen":{"f:6:16:6:24":0,"b:7:2:14:Infinity:undefined:undefined:undefined:undefined":0,"s:7:2:14:Infinity":0,"b:8:4:12:Infinity:10:11:12:Infinity":1,"s:8:4:12:Infinity":1,"s:9:6:9:Infinity":2,"s:11:6:11:Infinity":3,"s:13:4:13:Infinity":4,"s:16:2:16:Infinity":5,"b:16:30:16:41:16:41:16:48":2,"f:23:22:23:37":1,"s:24:16:24:Infinity":6,"f:24:21:24:29":2,"s:24:35:24:38":7,"b:25:2:25:Infinity:undefined:undefined:undefined:undefined":3,"s:25:2:25:Infinity":8,"s:25:26:25:Infinity":9,"b:27:2:30:Infinity:undefined:undefined:undefined:undefined":4,"s:27:2:30:Infinity":10,"s:28:4:28:Infinity":11,"f:28:10:28:19":3,"s:28:25:28:49":12,"s:29:4:29:Infinity":13,"s:32:27:32:Infinity":14,"s:33:2:43:Infinity":15,"f:34:10:34:Infinity":4,"s:36:8:41:Infinity":16,"f:36:12:36:27":5,"s:37:10:40:Infinity":17,"f:37:50:37:54":6,"b:38:12:38:Infinity:undefined:undefined:undefined:undefined":5,"s:38:12:38:Infinity":18,"s:38:33:38:Infinity":19,"s:39:12:39:Infinity":20,"b:45:2:59:Infinity:undefined:undefined:undefined:undefined":6,"s:45:2:59:Infinity":21,"b:45:6:45:27:45:27:45:48:45:48:45:66":7,"s:46:4:58:Infinity":22,"f:46:14:46:29":7,"s:47:6:57:Infinity":23,"f:47:66:47:70":8,"b:48:8:51:Infinity:undefined:undefined:undefined:undefined":8,"s:48:8:51:Infinity":24,"s:49:10:49:Infinity":25,"s:50:10:50:Infinity":26,"s:52:8:56:Infinity":27,"f:54:45:54:Infinity":9,"s:55:16:55:Infinity":28},"fnNames":{}}}
,"C:\\Users\\Administrator\\Codes\\Leafmark\\src\\lib\\tree-utils.ts": {"path":"C:\\Users\\Administrator\\Codes\\Leafmark\\src\\lib\\tree-utils.ts","statementMap":{"0":{"start":{"line":6,"column":2},"end":{"line":12,"column":null}},"1":{"start":{"line":7,"column":4},"end":{"line":7,"column":null}},"2":{"start":{"line":7,"column":24},"end":{"line":7,"column":null}},"3":{"start":{"line":8,"column":4},"end":{"line":11,"column":null}},"4":{"start":{"line":9,"column":20},"end":{"line":9,"column":null}},"5":{"start":{"line":10,"column":6},"end":{"line":10,"column":null}},"6":{"start":{"line":10,"column":17},"end":{"line":10,"column":null}},"7":{"start":{"line":13,"column":2},"end":{"line":13,"column":null}},"8":{"start":{"line":18,"column":17},"end":{"line":18,"column":null}},"9":{"start":{"line":19,"column":2},"end":{"line":19,"column":null}},"10":{"start":{"line":19,"column":15},"end":{"line":19,"column":null}},"11":{"start":{"line":21,"column":31},"end":{"line":21,"column":null}},"12":{"start":{"line":22,"column":42},"end":{"line":22,"column":null}},"13":{"start":{"line":23,"column":2},"end":{"line":28,"column":null}},"14":{"start":{"line":24,"column":19},"end":{"line":24,"column":null}},"15":{"start":{"line":25,"column":4},"end":{"line":25,"column":null}},"16":{"start":{"line":25,"column":17},"end":{"line":25,"column":null}},"17":{"start":{"line":26,"column":4},"end":{"line":26,"column":null}},"18":{"start":{"line":27,"column":4},"end":{"line":27,"column":null}},"19":{"start":{"line":29,"column":2},"end":{"line":29,"column":null}},"20":{"start":{"line":39,"column":2},"end":{"line":42,"column":null}},"21":{"start":{"line":39,"column":33},"end":{"line":42,"column":3}},"22":{"start":{"line":47,"column":2},"end":{"line":47,"column":null}}},"fnMap":{"0":{"name":"findNode","decl":{"start":{"line":5,"column":16},"end":{"line":5,"column":25}},"loc":{"start":{"line":5,"column":86},"end":{"line":14,"column":null}},"line":5},"1":{"name":"getPath","decl":{"start":{"line":17,"column":16},"end":{"line":17,"column":24}},"loc":{"start":{"line":17,"column":75},"end":{"line":30,"column":null}},"line":17},"2":{"name":"flatten","decl":{"start":{"line":38,"column":16},"end":{"line":38,"column":24}},"loc":{"start":{"line":38,"column":70},"end":{"line":43,"column":null}},"line":38},"3":{"name":"(anonymous_3)","decl":{"start":{"line":39,"column":15},"end":{"line":39,"column":24}},"loc":{"start":{"line":39,"column":33},"end":{"line":42,"column":3}},"line":39},"4":{"name":"isFolder","decl":{"start":{"line":46,"column":16},"end":{"line":46,"column":25}},"loc":{"start":{"line":46,"column":54},"end":{"line":48,"column":null}},"line":46}},"branchMap":{"0":{"loc":{"start":{"line":7,"column":4},"end":{"line":7,"column":null}},"type":"if","locations":[{"start":{"line":7,"column":4},"end":{"line":7,"column":null}},{"start":{},"end":{}}],"line":7},"1":{"loc":{"start":{"line":8,"column":4},"end":{"line":11,"column":null}},"type":"if","locations":[{"start":{"line":8,"column":4},"end":{"line":11,"column":null}},{"start":{},"end":{}}],"line":8},"2":{"loc":{"start":{"line":10,"column":6},"end":{"line":10,"column":null}},"type":"if","locations":[{"start":{"line":10,"column":6},"end":{"line":10,"column":null}},{"start":{},"end":{}}],"line":10},"3":{"loc":{"start":{"line":19,"column":2},"end":{"line":19,"column":null}},"type":"if","locations":[{"start":{"line":19,"column":2},"end":{"line":19,"column":null}},{"start":{},"end":{}}],"line":19},"4":{"loc":{"start":{"line":25,"column":4},"end":{"line":25,"column":null}},"type":"if","locations":[{"start":{"line":25,"column":4},"end":{"line":25,"column":null}},{"start":{},"end":{}}],"line":25},"5":{"loc":{"start":{"line":38,"column":47},"end":{"line":38,"column":70}},"type":"default-arg","locations":[{"start":{"line":38,"column":55},"end":{"line":38,"column":70}}],"line":38},"6":{"loc":{"start":{"line":41,"column":8},"end":{"line":41,"column":null}},"type":"cond-expr","locations":[{"start":{"line":41,"column":24},"end":{"line":41,"column":60}},{"start":{"line":41,"column":60},"end":{"line":41,"column":null}}],"line":41}},"s":{"0":67,"1":83,"2":19,"3":64,"4":46,"5":46,"6":33,"7":15,"8":4,"9":4,"10":1,"11":3,"12":3,"13":3,"14":8,"15":8,"16":0,"17":8,"18":8,"19":3,"20":12,"21":18,"22":6},"f":{"0":67,"1":4,"2":12,"3":18,"4":6},"b":{"0":[19,64],"1":[46,18],"2":[33,13],"3":[1,3],"4":[0,8],"5":[12],"6":[10,8]},"meta":{"lastBranch":7,"lastFunction":5,"lastStatement":23,"seen":{"f:5:16:5:25":0,"s:6:2:12:Infinity":0,"b:7:4:7:Infinity:undefined:undefined:undefined:undefined":0,"s:7:4:7:Infinity":1,"s:7:24:7:Infinity":2,"b:8:4:11:Infinity:undefined:undefined:undefined:undefined":1,"s:8:4:11:Infinity":3,"s:9:20:9:Infinity":4,"b:10:6:10:Infinity:undefined:undefined:undefined:undefined":2,"s:10:6:10:Infinity":5,"s:10:17:10:Infinity":6,"s:13:2:13:Infinity":7,"f:17:16:17:24":1,"s:18:17:18:Infinity":8,"b:19:2:19:Infinity:undefined:undefined:undefined:undefined":3,"s:19:2:19:Infinity":9,"s:19:15:19:Infinity":10,"s:21:31:21:Infinity":11,"s:22:42:22:Infinity":12,"s:23:2:28:Infinity":13,"s:24:19:24:Infinity":14,"b:25:4:25:Infinity:undefined:undefined:undefined:undefined":4,"s:25:4:25:Infinity":15,"s:25:17:25:Infinity":16,"s:26:4:26:Infinity":17,"s:27:4:27:Infinity":18,"s:29:2:29:Infinity":19,"f:38:16:38:24":2,"b:38:55:38:70":5,"s:39:2:42:Infinity":20,"f:39:15:39:24":3,"s:39:33:42:3":21,"b:41:24:41:60:41:60:41:Infinity":6,"f:46:16:46:25":4,"s:47:2:47:Infinity":22},"fnNames":{}}}
,"C:\\Users\\Administrator\\Codes\\Leafmark\\src\\lib\\types.ts": {"path":"C:\\Users\\Administrator\\Codes\\Leafmark\\src\\lib\\types.ts","statementMap":{},"fnMap":{},"branchMap":{},"s":{},"f":{},"b":{},"meta":{"lastBranch":0,"lastFunction":0,"lastStatement":0,"seen":{},"fnNames":{}}}
,"C:\\Users\\Administrator\\Codes\\Leafmark\\src\\lib\\wallpaper.ts": {"path":"C:\\Users\\Administrator\\Codes\\Leafmark\\src\\lib\\wallpaper.ts","statementMap":{"0":{"start":{"line":11,"column":18},"end":{"line":11,"column":null}},"1":{"start":{"line":12,"column":18},"end":{"line":12,"column":null}},"2":{"start":{"line":16,"column":2},"end":{"line":21,"column":null}},"3":{"start":{"line":17,"column":16},"end":{"line":17,"column":null}},"4":{"start":{"line":18,"column":4},"end":{"line":18,"column":null}},"5":{"start":{"line":18,"column":23},"end":{"line":18,"column":null}},"6":{"start":{"line":19,"column":4},"end":{"line":19,"column":null}},"7":{"start":{"line":19,"column":24},"end":{"line":19,"column":null}},"8":{"start":{"line":20,"column":4},"end":{"line":20,"column":null}},"9":{"start":{"line":26,"column":14},"end":{"line":26,"column":null}},"10":{"start":{"line":27,"column":16},"end":{"line":27,"column":null}},"11":{"start":{"line":28,"column":16},"end":{"line":28,"column":null}},"12":{"start":{"line":29,"column":17},"end":{"line":29,"column":null}},"13":{"start":{"line":31,"column":17},"end":{"line":31,"column":null}},"14":{"start":{"line":32,"column":2},"end":{"line":32,"column":null}},"15":{"start":{"line":33,"column":2},"end":{"line":33,"column":null}},"16":{"start":{"line":34,"column":14},"end":{"line":34,"column":null}},"17":{"start":{"line":35,"column":2},"end":{"line":35,"column":null}},"18":{"start":{"line":35,"column":12},"end":{"line":35,"column":null}},"19":{"start":{"line":36,"column":2},"end":{"line":36,"column":null}},"20":{"start":{"line":39,"column":15},"end":{"line":39,"column":null}},"21":{"start":{"line":40,"column":16},"end":{"line":40,"column":null}},"22":{"start":{"line":41,"column":12},"end":{"line":41,"column":null}},"23":{"start":{"line":44,"column":2},"end":{"line":47,"column":null}},"24":{"start":{"line":45,"column":4},"end":{"line":45,"column":null}},"25":{"start":{"line":46,"column":4},"end":{"line":46,"column":null}},"26":{"start":{"line":48,"column":2},"end":{"line":48,"column":null}},"27":{"start":{"line":52,"column":17},"end":{"line":52,"column":null}},"28":{"start":{"line":53,"column":2},"end":{"line":53,"column":null}},"29":{"start":{"line":58,"column":2},"end":{"line":58,"column":null}},"30":{"start":{"line":58,"column":39},"end":{"line":58,"column":null}},"31":{"start":{"line":59,"column":2},"end":{"line":59,"column":null}},"32":{"start":{"line":59,"column":36},"end":{"line":59,"column":null}},"33":{"start":{"line":60,"column":2},"end":{"line":60,"column":null}},"34":{"start":{"line":65,"column":2},"end":{"line":70,"column":null}},"35":{"start":{"line":66,"column":19},"end":{"line":66,"column":null}},"36":{"start":{"line":67,"column":4},"end":{"line":67,"column":null}},"37":{"start":{"line":67,"column":26},"end":{"line":67,"column":null}},"38":{"start":{"line":68,"column":4},"end":{"line":68,"column":null}},"39":{"start":{"line":68,"column":27},"end":{"line":68,"column":null}},"40":{"start":{"line":69,"column":4},"end":{"line":69,"column":null}},"41":{"start":{"line":75,"column":2},"end":{"line":75,"column":null}},"42":{"start":{"line":75,"column":24},"end":{"line":75,"column":null}},"43":{"start":{"line":76,"column":2},"end":{"line":76,"column":null}}},"fnMap":{"0":{"name":"loadImage","decl":{"start":{"line":15,"column":9},"end":{"line":15,"column":19}},"loc":{"start":{"line":15,"column":63},"end":{"line":22,"column":null}},"line":15},"1":{"name":"(anonymous_1)","decl":{"start":{"line":16,"column":13},"end":{"line":16,"column":22}},"loc":{"start":{"line":16,"column":42},"end":{"line":21,"column":3}},"line":16},"2":{"name":"(anonymous_2)","decl":{"start":{"line":18,"column":8},"end":{"line":18,"column":23}},"loc":{"start":{"line":18,"column":23},"end":{"line":18,"column":null}},"line":18},"3":{"name":"(anonymous_3)","decl":{"start":{"line":19,"column":8},"end":{"line":19,"column":24}},"loc":{"start":{"line":19,"column":24},"end":{"line":19,"column":null}},"line":19},"4":{"name":"compressWallpaper","decl":{"start":{"line":25,"column":22},"end":{"line":25,"column":40}},"loc":{"start":{"line":25,"column":82},"end":{"line":49,"column":null}},"line":25},"5":{"name":"supportsWebP","decl":{"start":{"line":51,"column":9},"end":{"line":51,"column":33}},"loc":{"start":{"line":51,"column":33},"end":{"line":54,"column":null}},"line":51},"6":{"name":"validateImageFile","decl":{"start":{"line":57,"column":16},"end":{"line":57,"column":34}},"loc":{"start":{"line":57,"column":61},"end":{"line":61,"column":null}},"line":57},"7":{"name":"readFileAsDataUrl","decl":{"start":{"line":64,"column":16},"end":{"line":64,"column":34}},"loc":{"start":{"line":64,"column":63},"end":{"line":71,"column":null}},"line":64},"8":{"name":"(anonymous_8)","decl":{"start":{"line":65,"column":13},"end":{"line":65,"column":22}},"loc":{"start":{"line":65,"column":42},"end":{"line":70,"column":3}},"line":65},"9":{"name":"(anonymous_9)","decl":{"start":{"line":67,"column":11},"end":{"line":67,"column":26}},"loc":{"start":{"line":67,"column":26},"end":{"line":67,"column":null}},"line":67},"10":{"name":"(anonymous_10)","decl":{"start":{"line":68,"column":11},"end":{"line":68,"column":27}},"loc":{"start":{"line":68,"column":27},"end":{"line":68,"column":null}},"line":68},"11":{"name":"placeholderWallpaper","decl":{"start":{"line":74,"column":16},"end":{"line":74,"column":47}},"loc":{"start":{"line":74,"column":47},"end":{"line":77,"column":null}},"line":74}},"branchMap":{"0":{"loc":{"start":{"line":35,"column":2},"end":{"line":35,"column":null}},"type":"if","locations":[{"start":{"line":35,"column":2},"end":{"line":35,"column":null}},{"start":{},"end":{}}],"line":35},"1":{"loc":{"start":{"line":39,"column":15},"end":{"line":39,"column":null}},"type":"cond-expr","locations":[{"start":{"line":39,"column":32},"end":{"line":39,"column":47}},{"start":{"line":39,"column":47},"end":{"line":39,"column":null}}],"line":39},"2":{"loc":{"start":{"line":44,"column":9},"end":{"line":44,"column":50}},"type":"binary-expr","locations":[{"start":{"line":44,"column":9},"end":{"line":44,"column":35}},{"start":{"line":44,"column":35},"end":{"line":44,"column":50}}],"line":44},"3":{"loc":{"start":{"line":58,"column":2},"end":{"line":58,"column":null}},"type":"if","locations":[{"start":{"line":58,"column":2},"end":{"line":58,"column":null}},{"start":{},"end":{}}],"line":58},"4":{"loc":{"start":{"line":59,"column":2},"end":{"line":59,"column":null}},"type":"if","locations":[{"start":{"line":59,"column":2},"end":{"line":59,"column":null}},{"start":{},"end":{}}],"line":59},"5":{"loc":{"start":{"line":75,"column":2},"end":{"line":75,"column":null}},"type":"if","locations":[{"start":{"line":75,"column":2},"end":{"line":75,"column":null}},{"start":{},"end":{}}],"line":75}},"s":{"0":3,"1":3,"2":3,"3":3,"4":3,"5":3,"6":3,"7":0,"8":3,"9":3,"10":3,"11":3,"12":3,"13":3,"14":3,"15":3,"16":3,"17":3,"18":0,"19":3,"20":3,"21":3,"22":3,"23":3,"24":0,"25":0,"26":3,"27":3,"28":3,"29":4,"30":1,"31":3,"32":1,"33":2,"34":1,"35":1,"36":1,"37":1,"38":1,"39":0,"40":1,"41":0,"42":0,"43":0},"f":{"0":3,"1":3,"2":3,"3":0,"4":3,"5":3,"6":4,"7":1,"8":1,"9":1,"10":0,"11":0},"b":{"0":[0,3],"1":[3,0],"2":[3,0],"3":[1,3],"4":[1,2],"5":[0,0]},"meta":{"lastBranch":6,"lastFunction":12,"lastStatement":44,"seen":{"s:11:18:11:Infinity":0,"s:12:18:12:Infinity":1,"f:15:9:15:19":0,"s:16:2:21:Infinity":2,"f:16:13:16:22":1,"s:17:16:17:Infinity":3,"s:18:4:18:Infinity":4,"f:18:8:18:23":2,"s:18:23:18:Infinity":5,"s:19:4:19:Infinity":6,"f:19:8:19:24":3,"s:19:24:19:Infinity":7,"s:20:4:20:Infinity":8,"f:25:22:25:40":4,"s:26:14:26:Infinity":9,"s:27:16:27:Infinity":10,"s:28:16:28:Infinity":11,"s:29:17:29:Infinity":12,"s:31:17:31:Infinity":13,"s:32:2:32:Infinity":14,"s:33:2:33:Infinity":15,"s:34:14:34:Infinity":16,"b:35:2:35:Infinity:undefined:undefined:undefined:undefined":0,"s:35:2:35:Infinity":17,"s:35:12:35:Infinity":18,"s:36:2:36:Infinity":19,"s:39:15:39:Infinity":20,"b:39:32:39:47:39:47:39:Infinity":1,"s:40:16:40:Infinity":21,"s:41:12:41:Infinity":22,"s:44:2:47:Infinity":23,"b:44:9:44:35:44:35:44:50":2,"s:45:4:45:Infinity":24,"s:46:4:46:Infinity":25,"s:48:2:48:Infinity":26,"f:51:9:51:33":5,"s:52:17:52:Infinity":27,"s:53:2:53:Infinity":28,"f:57:16:57:34":6,"b:58:2:58:Infinity:undefined:undefined:undefined:undefined":3,"s:58:2:58:Infinity":29,"s:58:39:58:Infinity":30,"b:59:2:59:Infinity:undefined:undefined:undefined:undefined":4,"s:59:2:59:Infinity":31,"s:59:36:59:Infinity":32,"s:60:2:60:Infinity":33,"f:64:16:64:34":7,"s:65:2:70:Infinity":34,"f:65:13:65:22":8,"s:66:19:66:Infinity":35,"s:67:4:67:Infinity":36,"f:67:11:67:26":9,"s:67:26:67:Infinity":37,"s:68:4:68:Infinity":38,"f:68:11:68:27":10,"s:68:27:68:Infinity":39,"s:69:4:69:Infinity":40,"f:74:16:74:47":11,"b:75:2:75:Infinity:undefined:undefined:undefined:undefined":5,"s:75:2:75:Infinity":41,"s:75:24:75:Infinity":42,"s:76:2:76:Infinity":43},"fnNames":{}}}
,"C:\\Users\\Administrator\\Codes\\Leafmark\\src\\stores\\bookmarks.ts": {"path":"C:\\Users\\Administrator\\Codes\\Leafmark\\src\\stores\\bookmarks.ts","statementMap":{"0":{"start":{"line":18,"column":2},"end":{"line":18,"column":null}},"1":{"start":{"line":18,"column":13},"end":{"line":18,"column":null}},"2":{"start":{"line":19,"column":2},"end":{"line":19,"column":null}},"3":{"start":{"line":19,"column":16},"end":{"line":19,"column":null}},"4":{"start":{"line":20,"column":2},"end":{"line":20,"column":null}},"5":{"start":{"line":20,"column":50},"end":{"line":20,"column":68}},"6":{"start":{"line":23,"column":33},"end":{"line":108,"column":null}},"7":{"start":{"line":24,"column":15},"end":{"line":24,"column":null}},"8":{"start":{"line":25,"column":18},"end":{"line":25,"column":null}},"9":{"start":{"line":26,"column":16},"end":{"line":26,"column":null}},"10":{"start":{"line":29,"column":23},"end":{"line":29,"column":null}},"11":{"start":{"line":31,"column":19},"end":{"line":31,"column":36}},"12":{"start":{"line":33,"column":20},"end":{"line":33,"column":null}},"13":{"start":{"line":33,"column":35},"end":{"line":33,"column":85}},"14":{"start":{"line":34,"column":24},"end":{"line":34,"column":null}},"15":{"start":{"line":34,"column":39},"end":{"line":34,"column":76}},"16":{"start":{"line":35,"column":26},"end":{"line":35,"column":null}},"17":{"start":{"line":35,"column":41},"end":{"line":35,"column":76}},"18":{"start":{"line":37,"column":21},"end":{"line":37,"column":null}},"19":{"start":{"line":37,"column":36},"end":{"line":37,"column":72}},"20":{"start":{"line":39,"column":41},"end":{"line":39,"column":null}},"21":{"start":{"line":42,"column":4},"end":{"line":42,"column":null}},"22":{"start":{"line":43,"column":4},"end":{"line":43,"column":null}},"23":{"start":{"line":44,"column":4},"end":{"line":50,"column":null}},"24":{"start":{"line":45,"column":6},"end":{"line":45,"column":null}},"25":{"start":{"line":47,"column":6},"end":{"line":47,"column":null}},"26":{"start":{"line":49,"column":6},"end":{"line":49,"column":null}},"27":{"start":{"line":54,"column":4},"end":{"line":54,"column":null}},"28":{"start":{"line":56,"column":4},"end":{"line":58,"column":null}},"29":{"start":{"line":57,"column":6},"end":{"line":57,"column":null}},"30":{"start":{"line":62,"column":4},"end":{"line":62,"column":null}},"31":{"start":{"line":66,"column":4},"end":{"line":66,"column":null}},"32":{"start":{"line":67,"column":4},"end":{"line":67,"column":null}},"33":{"start":{"line":71,"column":4},"end":{"line":71,"column":null}},"34":{"start":{"line":72,"column":4},"end":{"line":72,"column":null}},"35":{"start":{"line":77,"column":4},"end":{"line":77,"column":null}},"36":{"start":{"line":78,"column":4},"end":{"line":78,"column":null}},"37":{"start":{"line":83,"column":4},"end":{"line":83,"column":null}},"38":{"start":{"line":87,"column":4},"end":{"line":87,"column":null}},"39":{"start":{"line":88,"column":4},"end":{"line":88,"column":null}},"40":{"start":{"line":91,"column":2},"end":{"line":107,"column":null}}},"fnMap":{"0":{"name":"collectUrls","decl":{"start":{"line":17,"column":9},"end":{"line":17,"column":21}},"loc":{"start":{"line":17,"column":63},"end":{"line":21,"column":null}},"line":17},"1":{"name":"(anonymous_1)","decl":{"start":{"line":20,"column":31},"end":{"line":20,"column":40}},"loc":{"start":{"line":20,"column":50},"end":{"line":20,"column":68}},"line":20},"2":{"name":"(anonymous_2)","decl":{"start":{"line":23,"column":45},"end":{"line":23,"column":64}},"loc":{"start":{"line":23,"column":64},"end":{"line":108,"column":1}},"line":23},"3":{"name":"(anonymous_3)","decl":{"start":{"line":33,"column":20},"end":{"line":33,"column":35}},"loc":{"start":{"line":33,"column":35},"end":{"line":33,"column":85}},"line":33},"4":{"name":"(anonymous_4)","decl":{"start":{"line":34,"column":24},"end":{"line":34,"column":39}},"loc":{"start":{"line":34,"column":39},"end":{"line":34,"column":76}},"line":34},"5":{"name":"(anonymous_5)","decl":{"start":{"line":35,"column":26},"end":{"line":35,"column":41}},"loc":{"start":{"line":35,"column":41},"end":{"line":35,"column":76}},"line":35},"6":{"name":"(anonymous_6)","decl":{"start":{"line":37,"column":21},"end":{"line":37,"column":36}},"loc":{"start":{"line":37,"column":36},"end":{"line":37,"column":72}},"line":37},"7":{"name":"load","decl":{"start":{"line":41,"column":17},"end":{"line":41,"column":24}},"loc":{"start":{"line":41,"column":24},"end":{"line":51,"column":null}},"line":41},"8":{"name":"init","decl":{"start":{"line":53,"column":17},"end":{"line":53,"column":24}},"loc":{"start":{"line":53,"column":24},"end":{"line":59,"column":null}},"line":53},"9":{"name":"(anonymous_9)","decl":{"start":{"line":56,"column":20},"end":{"line":56,"column":45}},"loc":{"start":{"line":56,"column":45},"end":{"line":58,"column":5}},"line":56},"10":{"name":"setViewFolder","decl":{"start":{"line":61,"column":11},"end":{"line":61,"column":25}},"loc":{"start":{"line":61,"column":37},"end":{"line":63,"column":null}},"line":61},"11":{"name":"updateBookmark","decl":{"start":{"line":65,"column":17},"end":{"line":65,"column":32}},"loc":{"start":{"line":65,"column":87},"end":{"line":68,"column":null}},"line":65},"12":{"name":"removeBookmark","decl":{"start":{"line":70,"column":17},"end":{"line":70,"column":32}},"loc":{"start":{"line":70,"column":63},"end":{"line":73,"column":null}},"line":70},"13":{"name":"moveBookmark","decl":{"start":{"line":76,"column":17},"end":{"line":76,"column":30}},"loc":{"start":{"line":76,"column":75},"end":{"line":79,"column":null}},"line":76},"14":{"name":"collectFolderUrls","decl":{"start":{"line":82,"column":11},"end":{"line":82,"column":29}},"loc":{"start":{"line":82,"column":57},"end":{"line":84,"column":null}},"line":82},"15":{"name":"dispose","decl":{"start":{"line":86,"column":11},"end":{"line":86,"column":21}},"loc":{"start":{"line":86,"column":21},"end":{"line":89,"column":null}},"line":86}},"branchMap":{"0":{"loc":{"start":{"line":18,"column":2},"end":{"line":18,"column":null}},"type":"if","locations":[{"start":{"line":18,"column":2},"end":{"line":18,"column":null}},{"start":{},"end":{}}],"line":18},"1":{"loc":{"start":{"line":19,"column":2},"end":{"line":19,"column":null}},"type":"if","locations":[{"start":{"line":19,"column":2},"end":{"line":19,"column":null}},{"start":{},"end":{}}],"line":19},"2":{"loc":{"start":{"line":20,"column":10},"end":{"line":20,"column":29}},"type":"binary-expr","locations":[{"start":{"line":20,"column":10},"end":{"line":20,"column":27}},{"start":{"line":20,"column":27},"end":{"line":20,"column":29}}],"line":20},"3":{"loc":{"start":{"line":33,"column":35},"end":{"line":33,"column":85}},"type":"binary-expr","locations":[{"start":{"line":33,"column":35},"end":{"line":33,"column":57}},{"start":{"line":33,"column":57},"end":{"line":33,"column":82}},{"start":{"line":33,"column":82},"end":{"line":33,"column":85}}],"line":33},"4":{"loc":{"start":{"line":35,"column":41},"end":{"line":35,"column":76}},"type":"binary-expr","locations":[{"start":{"line":35,"column":41},"end":{"line":35,"column":74}},{"start":{"line":35,"column":74},"end":{"line":35,"column":76}}],"line":35},"5":{"loc":{"start":{"line":47,"column":20},"end":{"line":47,"column":null}},"type":"cond-expr","locations":[{"start":{"line":47,"column":41},"end":{"line":47,"column":45}},{"start":{"line":47,"column":45},"end":{"line":47,"column":null}}],"line":47},"6":{"loc":{"start":{"line":70,"column":44},"end":{"line":70,"column":63}},"type":"default-arg","locations":[{"start":{"line":70,"column":56},"end":{"line":70,"column":63}}],"line":70}},"s":{"0":5,"1":0,"2":5,"3":3,"4":2,"5":4,"6":2,"7":12,"8":12,"9":12,"10":12,"11":12,"12":12,"13":4,"14":12,"15":3,"16":12,"17":2,"18":12,"19":1,"20":12,"21":20,"22":20,"23":20,"24":20,"25":0,"26":20,"27":11,"28":11,"29":5,"30":3,"31":1,"32":1,"33":2,"34":2,"35":1,"36":1,"37":1,"38":0,"39":0,"40":12},"f":{"0":5,"1":4,"2":12,"3":4,"4":3,"5":2,"6":1,"7":20,"8":11,"9":5,"10":3,"11":1,"12":2,"13":1,"14":1,"15":0},"b":{"0":[0,5],"1":[3,2],"2":[2,0],"3":[4,2,1],"4":[2,0],"5":[0,0],"6":[2]},"meta":{"lastBranch":7,"lastFunction":16,"lastStatement":41,"seen":{"f:17:9:17:21":0,"b:18:2:18:Infinity:undefined:undefined:undefined:undefined":0,"s:18:2:18:Infinity":0,"s:18:13:18:Infinity":1,"b:19:2:19:Infinity:undefined:undefined:undefined:undefined":1,"s:19:2:19:Infinity":2,"s:19:16:19:Infinity":3,"s:20:2:20:Infinity":4,"b:20:10:20:27:20:27:20:29":2,"f:20:31:20:40":1,"s:20:50:20:68":5,"s:23:33:108:Infinity":6,"f:23:45:23:64":2,"s:24:15:24:Infinity":7,"s:25:18:25:Infinity":8,"s:26:16:26:Infinity":9,"s:29:23:29:Infinity":10,"s:31:19:31:36":11,"s:33:20:33:Infinity":12,"f:33:20:33:35":3,"s:33:35:33:85":13,"b:33:35:33:57:33:57:33:82:33:82:33:85":3,"s:34:24:34:Infinity":14,"f:34:24:34:39":4,"s:34:39:34:76":15,"s:35:26:35:Infinity":16,"f:35:26:35:41":5,"s:35:41:35:76":17,"b:35:41:35:74:35:74:35:76":4,"s:37:21:37:Infinity":18,"f:37:21:37:36":6,"s:37:36:37:72":19,"s:39:41:39:Infinity":20,"f:41:17:41:24":7,"s:42:4:42:Infinity":21,"s:43:4:43:Infinity":22,"s:44:4:50:Infinity":23,"s:45:6:45:Infinity":24,"s:47:6:47:Infinity":25,"b:47:41:47:45:47:45:47:Infinity":5,"s:49:6:49:Infinity":26,"f:53:17:53:24":8,"s:54:4:54:Infinity":27,"s:56:4:58:Infinity":28,"f:56:20:56:45":9,"s:57:6:57:Infinity":29,"f:61:11:61:25":10,"s:62:4:62:Infinity":30,"f:65:17:65:32":11,"s:66:4:66:Infinity":31,"s:67:4:67:Infinity":32,"f:70:17:70:32":12,"b:70:56:70:63":6,"s:71:4:71:Infinity":33,"s:72:4:72:Infinity":34,"f:76:17:76:30":13,"s:77:4:77:Infinity":35,"s:78:4:78:Infinity":36,"f:82:11:82:29":14,"s:83:4:83:Infinity":37,"f:86:11:86:21":15,"s:87:4:87:Infinity":38,"s:88:4:88:Infinity":39,"s:91:2:107:Infinity":40},"fnNames":{}}}
,"C:\\Users\\Administrator\\Codes\\Leafmark\\src\\stores\\settings.ts": {"path":"C:\\Users\\Administrator\\Codes\\Leafmark\\src\\stores\\settings.ts","statementMap":{"0":{"start":{"line":29,"column":39},"end":{"line":33,"column":null}},"1":{"start":{"line":35,"column":20},"end":{"line":35,"column":null}},"2":{"start":{"line":37,"column":32},"end":{"line":201,"column":null}},"3":{"start":{"line":38,"column":16},"end":{"line":38,"column":null}},"4":{"start":{"line":39,"column":23},"end":{"line":39,"column":null}},"5":{"start":{"line":40,"column":23},"end":{"line":40,"column":null}},"6":{"start":{"line":41,"column":21},"end":{"line":41,"column":null}},"7":{"start":{"line":44,"column":17},"end":{"line":44,"column":null}},"8":{"start":{"line":47,"column":17},"end":{"line":47,"column":null}},"9":{"start":{"line":49,"column":18},"end":{"line":49,"column":null}},"10":{"start":{"line":51,"column":22},"end":{"line":51,"column":null}},"11":{"start":{"line":53,"column":27},"end":{"line":53,"column":null}},"12":{"start":{"line":56,"column":24},"end":{"line":58,"column":null}},"13":{"start":{"line":57,"column":4},"end":{"line":57,"column":null}},"14":{"start":{"line":62,"column":17},"end":{"line":62,"column":null}},"15":{"start":{"line":63,"column":4},"end":{"line":63,"column":null}},"16":{"start":{"line":64,"column":4},"end":{"line":64,"column":null}},"17":{"start":{"line":65,"column":4},"end":{"line":65,"column":null}},"18":{"start":{"line":69,"column":4},"end":{"line":69,"column":null}},"19":{"start":{"line":73,"column":17},"end":{"line":73,"column":null}},"20":{"start":{"line":74,"column":4},"end":{"line":80,"column":null}},"21":{"start":{"line":75,"column":6},"end":{"line":75,"column":null}},"22":{"start":{"line":76,"column":6},"end":{"line":76,"column":null}},"23":{"start":{"line":78,"column":6},"end":{"line":78,"column":null}},"24":{"start":{"line":79,"column":6},"end":{"line":79,"column":null}},"25":{"start":{"line":83,"column":2},"end":{"line":83,"column":null}},"26":{"start":{"line":84,"column":2},"end":{"line":84,"column":null}},"27":{"start":{"line":85,"column":2},"end":{"line":85,"column":null}},"28":{"start":{"line":88,"column":4},"end":{"line":88,"column":null}},"29":{"start":{"line":89,"column":4},"end":{"line":89,"column":null}},"30":{"start":{"line":90,"column":4},"end":{"line":90,"column":null}},"31":{"start":{"line":91,"column":4},"end":{"line":91,"column":null}},"32":{"start":{"line":92,"column":4},"end":{"line":92,"column":null}},"33":{"start":{"line":93,"column":4},"end":{"line":93,"column":null}},"34":{"start":{"line":94,"column":4},"end":{"line":94,"column":null}},"35":{"start":{"line":96,"column":4},"end":{"line":96,"column":null}},"36":{"start":{"line":98,"column":18},"end":{"line":98,"column":null}},"37":{"start":{"line":99,"column":4},"end":{"line":99,"column":null}},"38":{"start":{"line":100,"column":4},"end":{"line":102,"column":null}},"39":{"start":{"line":101,"column":6},"end":{"line":101,"column":null}},"40":{"start":{"line":104,"column":4},"end":{"line":112,"column":null}},"41":{"start":{"line":105,"column":6},"end":{"line":111,"column":null}},"42":{"start":{"line":105,"column":27},"end":{"line":105,"column":null}},"43":{"start":{"line":106,"column":11},"end":{"line":111,"column":null}},"44":{"start":{"line":106,"column":39},"end":{"line":106,"column":null}},"45":{"start":{"line":107,"column":11},"end":{"line":111,"column":null}},"46":{"start":{"line":107,"column":39},"end":{"line":107,"column":null}},"47":{"start":{"line":108,"column":11},"end":{"line":111,"column":null}},"48":{"start":{"line":108,"column":33},"end":{"line":108,"column":null}},"49":{"start":{"line":109,"column":11},"end":{"line":111,"column":null}},"50":{"start":{"line":109,"column":33},"end":{"line":109,"column":null}},"51":{"start":{"line":110,"column":11},"end":{"line":111,"column":null}},"52":{"start":{"line":110,"column":34},"end":{"line":110,"column":null}},"53":{"start":{"line":111,"column":11},"end":{"line":111,"column":null}},"54":{"start":{"line":111,"column":38},"end":{"line":111,"column":null}},"55":{"start":{"line":113,"column":4},"end":{"line":118,"column":null}},"56":{"start":{"line":115,"column":8},"end":{"line":115,"column":null}},"57":{"start":{"line":115,"column":40},"end":{"line":115,"column":null}},"58":{"start":{"line":120,"column":4},"end":{"line":120,"column":null}},"59":{"start":{"line":121,"column":4},"end":{"line":121,"column":null}},"60":{"start":{"line":122,"column":4},"end":{"line":122,"column":null}},"61":{"start":{"line":126,"column":4},"end":{"line":126,"column":null}},"62":{"start":{"line":127,"column":4},"end":{"line":127,"column":null}},"63":{"start":{"line":131,"column":31},"end":{"line":131,"column":null}},"64":{"start":{"line":132,"column":17},"end":{"line":132,"column":null}},"65":{"start":{"line":133,"column":4},"end":{"line":133,"column":null}},"66":{"start":{"line":137,"column":4},"end":{"line":137,"column":null}},"67":{"start":{"line":138,"column":4},"end":{"line":138,"column":null}},"68":{"start":{"line":142,"column":4},"end":{"line":142,"column":null}},"69":{"start":{"line":143,"column":4},"end":{"line":143,"column":null}},"70":{"start":{"line":147,"column":4},"end":{"line":147,"column":null}},"71":{"start":{"line":148,"column":4},"end":{"line":148,"column":null}},"72":{"start":{"line":152,"column":4},"end":{"line":152,"column":null}},"73":{"start":{"line":153,"column":4},"end":{"line":153,"column":null}},"74":{"start":{"line":154,"column":4},"end":{"line":154,"column":null}},"75":{"start":{"line":155,"column":4},"end":{"line":155,"column":null}},"76":{"start":{"line":156,"column":4},"end":{"line":156,"column":null}},"77":{"start":{"line":157,"column":4},"end":{"line":157,"column":null}},"78":{"start":{"line":162,"column":4},"end":{"line":162,"column":null}},"79":{"start":{"line":163,"column":4},"end":{"line":163,"column":null}},"80":{"start":{"line":164,"column":4},"end":{"line":164,"column":null}},"81":{"start":{"line":165,"column":4},"end":{"line":165,"column":null}},"82":{"start":{"line":166,"column":4},"end":{"line":166,"column":null}},"83":{"start":{"line":167,"column":4},"end":{"line":167,"column":null}},"84":{"start":{"line":172,"column":4},"end":{"line":172,"column":null}},"85":{"start":{"line":173,"column":15},"end":{"line":173,"column":null}},"86":{"start":{"line":174,"column":4},"end":{"line":174,"column":null}},"87":{"start":{"line":175,"column":4},"end":{"line":175,"column":null}},"88":{"start":{"line":176,"column":4},"end":{"line":176,"column":null}},"89":{"start":{"line":177,"column":4},"end":{"line":177,"column":null}},"90":{"start":{"line":178,"column":4},"end":{"line":178,"column":null}},"91":{"start":{"line":181,"column":2},"end":{"line":200,"column":null}}},"fnMap":{"0":{"name":"(anonymous_0)","decl":{"start":{"line":37,"column":44},"end":{"line":37,"column":62}},"loc":{"start":{"line":37,"column":62},"end":{"line":201,"column":1}},"line":37},"1":{"name":"(anonymous_1)","decl":{"start":{"line":56,"column":24},"end":{"line":56,"column":null}},"loc":{"start":{"line":57,"column":4},"end":{"line":57,"column":null}},"line":57},"2":{"name":"applyLayout","decl":{"start":{"line":61,"column":11},"end":{"line":61,"column":25}},"loc":{"start":{"line":61,"column":25},"end":{"line":66,"column":null}},"line":61},"3":{"name":"applyTheme","decl":{"start":{"line":68,"column":11},"end":{"line":68,"column":24}},"loc":{"start":{"line":68,"column":24},"end":{"line":70,"column":null}},"line":68},"4":{"name":"applyBackground","decl":{"start":{"line":72,"column":11},"end":{"line":72,"column":29}},"loc":{"start":{"line":72,"column":29},"end":{"line":81,"column":null}},"line":72},"5":{"name":"init","decl":{"start":{"line":87,"column":17},"end":{"line":87,"column":24}},"loc":{"start":{"line":87,"column":24},"end":{"line":123,"column":null}},"line":87},"6":{"name":"(anonymous_6)","decl":{"start":{"line":100,"column":27},"end":{"line":100,"column":38}},"loc":{"start":{"line":100,"column":48},"end":{"line":102,"column":5}},"line":100},"7":{"name":"(anonymous_7)","decl":{"start":{"line":104,"column":4},"end":{"line":104,"column":22}},"loc":{"start":{"line":104,"column":37},"end":{"line":112,"column":5}},"line":104},"8":{"name":"(anonymous_8)","decl":{"start":{"line":113,"column":4},"end":{"line":113,"column":null}},"loc":{"start":{"line":114,"column":22},"end":{"line":116,"column":null}},"line":114},"9":{"name":"setTheme","decl":{"start":{"line":125,"column":17},"end":{"line":125,"column":26}},"loc":{"start":{"line":125,"column":43},"end":{"line":128,"column":null}},"line":125},"10":{"name":"cycleTheme","decl":{"start":{"line":130,"column":11},"end":{"line":130,"column":24}},"loc":{"start":{"line":130,"column":24},"end":{"line":134,"column":null}},"line":130},"11":{"name":"setHomeFolderId","decl":{"start":{"line":136,"column":17},"end":{"line":136,"column":33}},"loc":{"start":{"line":136,"column":52},"end":{"line":139,"column":null}},"line":136},"12":{"name":"setOpenInNewTab","decl":{"start":{"line":141,"column":17},"end":{"line":141,"column":33}},"loc":{"start":{"line":141,"column":49},"end":{"line":144,"column":null}},"line":141},"13":{"name":"setLayout","decl":{"start":{"line":146,"column":17},"end":{"line":146,"column":27}},"loc":{"start":{"line":146,"column":61},"end":{"line":149,"column":null}},"line":146},"14":{"name":"setSolidBg","decl":{"start":{"line":151,"column":17},"end":{"line":151,"column":28}},"loc":{"start":{"line":151,"column":46},"end":{"line":158,"column":null}},"line":151},"15":{"name":"setPresetWallpaper","decl":{"start":{"line":161,"column":17},"end":{"line":161,"column":36}},"loc":{"start":{"line":161,"column":61},"end":{"line":168,"column":null}},"line":161},"16":{"name":"setUserWallpaper","decl":{"start":{"line":171,"column":17},"end":{"line":171,"column":34}},"loc":{"start":{"line":171,"column":51},"end":{"line":179,"column":null}},"line":171}},"branchMap":{"0":{"loc":{"start":{"line":57,"column":4},"end":{"line":57,"column":null}},"type":"cond-expr","locations":[{"start":{"line":57,"column":30},"end":{"line":57,"column":69}},{"start":{"line":57,"column":69},"end":{"line":57,"column":null}}],"line":57},"1":{"loc":{"start":{"line":57,"column":30},"end":{"line":57,"column":69}},"type":"cond-expr","locations":[{"start":{"line":57,"column":49},"end":{"line":57,"column":58}},{"start":{"line":57,"column":58},"end":{"line":57,"column":69}}],"line":57},"2":{"loc":{"start":{"line":74,"column":4},"end":{"line":80,"column":null}},"type":"if","locations":[{"start":{"line":74,"column":4},"end":{"line":80,"column":null}},{"start":{"line":77,"column":11},"end":{"line":80,"column":null}}],"line":74},"3":{"loc":{"start":{"line":74,"column":8},"end":{"line":74,"column":64}},"type":"binary-expr","locations":[{"start":{"line":74,"column":8},"end":{"line":74,"column":40}},{"start":{"line":74,"column":40},"end":{"line":74,"column":64}}],"line":74},"4":{"loc":{"start":{"line":105,"column":6},"end":{"line":111,"column":null}},"type":"if","locations":[{"start":{"line":105,"column":6},"end":{"line":111,"column":null}},{"start":{"line":106,"column":11},"end":{"line":111,"column":null}}],"line":105},"5":{"loc":{"start":{"line":106,"column":11},"end":{"line":111,"column":null}},"type":"if","locations":[{"start":{"line":106,"column":11},"end":{"line":111,"column":null}},{"start":{"line":107,"column":11},"end":{"line":111,"column":null}}],"line":106},"6":{"loc":{"start":{"line":107,"column":11},"end":{"line":111,"column":null}},"type":"if","locations":[{"start":{"line":107,"column":11},"end":{"line":111,"column":null}},{"start":{"line":108,"column":11},"end":{"line":111,"column":null}}],"line":107},"7":{"loc":{"start":{"line":108,"column":11},"end":{"line":111,"column":null}},"type":"if","locations":[{"start":{"line":108,"column":11},"end":{"line":111,"column":null}},{"start":{"line":109,"column":11},"end":{"line":111,"column":null}}],"line":108},"8":{"loc":{"start":{"line":109,"column":11},"end":{"line":111,"column":null}},"type":"if","locations":[{"start":{"line":109,"column":11},"end":{"line":111,"column":null}},{"start":{"line":110,"column":11},"end":{"line":111,"column":null}}],"line":109},"9":{"loc":{"start":{"line":110,"column":11},"end":{"line":111,"column":null}},"type":"if","locations":[{"start":{"line":110,"column":11},"end":{"line":111,"column":null}},{"start":{"line":111,"column":11},"end":{"line":111,"column":null}}],"line":110},"10":{"loc":{"start":{"line":111,"column":11},"end":{"line":111,"column":null}},"type":"if","locations":[{"start":{"line":111,"column":11},"end":{"line":111,"column":null}},{"start":{},"end":{}}],"line":111},"11":{"loc":{"start":{"line":115,"column":8},"end":{"line":115,"column":null}},"type":"if","locations":[{"start":{"line":115,"column":8},"end":{"line":115,"column":null}},{"start":{},"end":{}}],"line":115}},"s":{"0":4,"1":4,"2":4,"3":21,"4":21,"5":21,"6":21,"7":21,"8":21,"9":21,"10":21,"11":21,"12":21,"13":21,"14":20,"15":20,"16":20,"17":20,"18":9,"19":15,"20":15,"21":4,"22":4,"23":11,"24":11,"25":21,"26":21,"27":21,"28":9,"29":9,"30":9,"31":9,"32":9,"33":9,"34":9,"35":9,"36":9,"37":9,"38":9,"39":0,"40":9,"41":16,"42":0,"43":16,"44":0,"45":16,"46":0,"47":16,"48":2,"49":14,"50":6,"51":8,"52":2,"53":6,"54":6,"55":9,"56":4,"57":4,"58":9,"59":9,"60":9,"61":0,"62":0,"63":0,"64":0,"65":0,"66":1,"67":1,"68":0,"69":0,"70":2,"71":2,"72":2,"73":2,"74":2,"75":2,"76":2,"77":2,"78":3,"79":3,"80":3,"81":3,"82":3,"83":3,"84":1,"85":1,"86":1,"87":1,"88":1,"89":1,"90":1,"91":21},"f":{"0":21,"1":21,"2":20,"3":9,"4":15,"5":9,"6":0,"7":16,"8":4,"9":0,"10":0,"11":1,"12":0,"13":2,"14":2,"15":3,"16":1},"b":{"0":[21,0],"1":[0,21],"2":[4,11],"3":[15,4],"4":[0,16],"5":[0,16],"6":[0,16],"7":[2,14],"8":[6,8],"9":[2,6],"10":[6,0],"11":[4,0]},"meta":{"lastBranch":12,"lastFunction":17,"lastStatement":92,"seen":{"s:29:39:33:Infinity":0,"s:35:20:35:Infinity":1,"s:37:32:201:Infinity":2,"f:37:44:37:62":0,"s:38:16:38:Infinity":3,"s:39:23:39:Infinity":4,"s:40:23:40:Infinity":5,"s:41:21:41:Infinity":6,"s:44:17:44:Infinity":7,"s:47:17:47:Infinity":8,"s:49:18:49:Infinity":9,"s:51:22:51:Infinity":10,"s:53:27:53:Infinity":11,"s:56:24:58:Infinity":12,"f:56:24:56:Infinity":1,"s:57:4:57:Infinity":13,"b:57:30:57:69:57:69:57:Infinity":0,"b:57:49:57:58:57:58:57:69":1,"f:61:11:61:25":2,"s:62:17:62:Infinity":14,"s:63:4:63:Infinity":15,"s:64:4:64:Infinity":16,"s:65:4:65:Infinity":17,"f:68:11:68:24":3,"s:69:4:69:Infinity":18,"f:72:11:72:29":4,"s:73:17:73:Infinity":19,"b:74:4:80:Infinity:77:11:80:Infinity":2,"s:74:4:80:Infinity":20,"b:74:8:74:40:74:40:74:64":3,"s:75:6:75:Infinity":21,"s:76:6:76:Infinity":22,"s:78:6:78:Infinity":23,"s:79:6:79:Infinity":24,"s:83:2:83:Infinity":25,"s:84:2:84:Infinity":26,"s:85:2:85:Infinity":27,"f:87:17:87:24":5,"s:88:4:88:Infinity":28,"s:89:4:89:Infinity":29,"s:90:4:90:Infinity":30,"s:91:4:91:Infinity":31,"s:92:4:92:Infinity":32,"s:93:4:93:Infinity":33,"s:94:4:94:Infinity":34,"s:96:4:96:Infinity":35,"s:98:18:98:Infinity":36,"s:99:4:99:Infinity":37,"s:100:4:102:Infinity":38,"f:100:27:100:38":6,"s:101:6:101:Infinity":39,"s:104:4:112:Infinity":40,"f:104:4:104:22":7,"b:105:6:111:Infinity:106:11:111:Infinity":4,"s:105:6:111:Infinity":41,"s:105:27:105:Infinity":42,"b:106:11:111:Infinity:107:11:111:Infinity":5,"s:106:11:111:Infinity":43,"s:106:39:106:Infinity":44,"b:107:11:111:Infinity:108:11:111:Infinity":6,"s:107:11:111:Infinity":45,"s:107:39:107:Infinity":46,"b:108:11:111:Infinity:109:11:111:Infinity":7,"s:108:11:111:Infinity":47,"s:108:33:108:Infinity":48,"b:109:11:111:Infinity:110:11:111:Infinity":8,"s:109:11:111:Infinity":49,"s:109:33:109:Infinity":50,"b:110:11:111:Infinity:111:11:111:Infinity":9,"s:110:11:111:Infinity":51,"s:110:34:110:Infinity":52,"b:111:11:111:Infinity:undefined:undefined:undefined:undefined":10,"s:111:11:111:Infinity":53,"s:111:38:111:Infinity":54,"s:113:4:118:Infinity":55,"f:113:4:113:Infinity":8,"b:115:8:115:Infinity:undefined:undefined:undefined:undefined":11,"s:115:8:115:Infinity":56,"s:115:40:115:Infinity":57,"s:120:4:120:Infinity":58,"s:121:4:121:Infinity":59,"s:122:4:122:Infinity":60,"f:125:17:125:26":9,"s:126:4:126:Infinity":61,"s:127:4:127:Infinity":62,"f:130:11:130:24":10,"s:131:31:131:Infinity":63,"s:132:17:132:Infinity":64,"s:133:4:133:Infinity":65,"f:136:17:136:33":11,"s:137:4:137:Infinity":66,"s:138:4:138:Infinity":67,"f:141:17:141:33":12,"s:142:4:142:Infinity":68,"s:143:4:143:Infinity":69,"f:146:17:146:27":13,"s:147:4:147:Infinity":70,"s:148:4:148:Infinity":71,"f:151:17:151:28":14,"s:152:4:152:Infinity":72,"s:153:4:153:Infinity":73,"s:154:4:154:Infinity":74,"s:155:4:155:Infinity":75,"s:156:4:156:Infinity":76,"s:157:4:157:Infinity":77,"f:161:17:161:36":15,"s:162:4:162:Infinity":78,"s:163:4:163:Infinity":79,"s:164:4:164:Infinity":80,"s:165:4:165:Infinity":81,"s:166:4:166:Infinity":82,"s:167:4:167:Infinity":83,"f:171:17:171:34":16,"s:172:4:172:Infinity":84,"s:173:15:173:Infinity":85,"s:174:4:174:Infinity":86,"s:175:4:175:Infinity":87,"s:176:4:176:Infinity":88,"s:177:4:177:Infinity":89,"s:178:4:178:Infinity":90,"s:181:2:200:Infinity":91},"fnNames":{}}}
,"C:\\Users\\Administrator\\Codes\\Leafmark\\src\\stores\\ui.ts": {"path":"C:\\Users\\Administrator\\Codes\\Leafmark\\src\\stores\\ui.ts","statementMap":{"0":{"start":{"line":25,"column":10},"end":{"line":25,"column":null}},"1":{"start":{"line":27,"column":26},"end":{"line":117,"column":null}},"2":{"start":{"line":28,"column":25},"end":{"line":28,"column":null}},"3":{"start":{"line":29,"column":25},"end":{"line":29,"column":null}},"4":{"start":{"line":30,"column":59},"end":{"line":30,"column":null}},"5":{"start":{"line":32,"column":22},"end":{"line":32,"column":null}},"6":{"start":{"line":33,"column":20},"end":{"line":33,"column":null}},"7":{"start":{"line":34,"column":66},"end":{"line":34,"column":null}},"8":{"start":{"line":37,"column":20},"end":{"line":37,"column":null}},"9":{"start":{"line":38,"column":16},"end":{"line":38,"column":null}},"10":{"start":{"line":39,"column":18},"end":{"line":39,"column":null}},"11":{"start":{"line":40,"column":40},"end":{"line":40,"column":null}},"12":{"start":{"line":42,"column":17},"end":{"line":42,"column":null}},"13":{"start":{"line":46,"column":4},"end":{"line":46,"column":null}},"14":{"start":{"line":47,"column":4},"end":{"line":47,"column":null}},"15":{"start":{"line":48,"column":4},"end":{"line":50,"column":null}},"16":{"start":{"line":49,"column":6},"end":{"line":49,"column":null}},"17":{"start":{"line":54,"column":4},"end":{"line":54,"column":null}},"18":{"start":{"line":55,"column":4},"end":{"line":55,"column":null}},"19":{"start":{"line":56,"column":4},"end":{"line":56,"column":null}},"20":{"start":{"line":61,"column":4},"end":{"line":61,"column":null}},"21":{"start":{"line":62,"column":4},"end":{"line":62,"column":null}},"22":{"start":{"line":63,"column":4},"end":{"line":65,"column":null}},"23":{"start":{"line":64,"column":6},"end":{"line":64,"column":null}},"24":{"start":{"line":69,"column":4},"end":{"line":69,"column":null}},"25":{"start":{"line":70,"column":4},"end":{"line":70,"column":null}},"26":{"start":{"line":71,"column":4},"end":{"line":71,"column":null}},"27":{"start":{"line":72,"column":4},"end":{"line":72,"column":null}},"28":{"start":{"line":77,"column":4},"end":{"line":77,"column":null}},"29":{"start":{"line":78,"column":4},"end":{"line":78,"column":null}},"30":{"start":{"line":79,"column":4},"end":{"line":79,"column":null}},"31":{"start":{"line":80,"column":4},"end":{"line":82,"column":null}},"32":{"start":{"line":81,"column":6},"end":{"line":81,"column":null}},"33":{"start":{"line":86,"column":4},"end":{"line":86,"column":null}},"34":{"start":{"line":87,"column":4},"end":{"line":87,"column":null}},"35":{"start":{"line":88,"column":4},"end":{"line":88,"column":null}},"36":{"start":{"line":93,"column":15},"end":{"line":93,"column":null}},"37":{"start":{"line":94,"column":4},"end":{"line":94,"column":null}},"38":{"start":{"line":95,"column":4},"end":{"line":97,"column":null}},"39":{"start":{"line":96,"column":6},"end":{"line":96,"column":null}},"40":{"start":{"line":96,"column":48},"end":{"line":96,"column":59}},"41":{"start":{"line":100,"column":2},"end":{"line":116,"column":null}}},"fnMap":{"0":{"name":"(anonymous_0)","decl":{"start":{"line":27,"column":38},"end":{"line":27,"column":50}},"loc":{"start":{"line":27,"column":50},"end":{"line":117,"column":1}},"line":27},"1":{"name":"confirm","decl":{"start":{"line":45,"column":11},"end":{"line":45,"column":19}},"loc":{"start":{"line":45,"column":62},"end":{"line":51,"column":null}},"line":45},"2":{"name":"(anonymous_2)","decl":{"start":{"line":48,"column":15},"end":{"line":48,"column":24}},"loc":{"start":{"line":48,"column":36},"end":{"line":50,"column":5}},"line":48},"3":{"name":"resolveConfirm","decl":{"start":{"line":53,"column":11},"end":{"line":53,"column":26}},"loc":{"start":{"line":53,"column":42},"end":{"line":57,"column":null}},"line":53},"4":{"name":"openEdit","decl":{"start":{"line":60,"column":11},"end":{"line":60,"column":20}},"loc":{"start":{"line":60,"column":66},"end":{"line":66,"column":null}},"line":60},"5":{"name":"(anonymous_5)","decl":{"start":{"line":63,"column":15},"end":{"line":63,"column":24}},"loc":{"start":{"line":63,"column":36},"end":{"line":65,"column":5}},"line":63},"6":{"name":"resolveEdit","decl":{"start":{"line":68,"column":11},"end":{"line":68,"column":23}},"loc":{"start":{"line":68,"column":50},"end":{"line":73,"column":null}},"line":68},"7":{"name":"openQr","decl":{"start":{"line":76,"column":11},"end":{"line":76,"column":18}},"loc":{"start":{"line":76,"column":61},"end":{"line":83,"column":null}},"line":76},"8":{"name":"(anonymous_8)","decl":{"start":{"line":80,"column":15},"end":{"line":80,"column":24}},"loc":{"start":{"line":80,"column":36},"end":{"line":82,"column":5}},"line":80},"9":{"name":"resolveQr","decl":{"start":{"line":85,"column":11},"end":{"line":85,"column":23}},"loc":{"start":{"line":85,"column":23},"end":{"line":89,"column":null}},"line":85},"10":{"name":"toast","decl":{"start":{"line":92,"column":11},"end":{"line":92,"column":17}},"loc":{"start":{"line":92,"column":34},"end":{"line":98,"column":null}},"line":92},"11":{"name":"(anonymous_11)","decl":{"start":{"line":95,"column":4},"end":{"line":95,"column":21}},"loc":{"start":{"line":95,"column":21},"end":{"line":97,"column":7}},"line":95},"12":{"name":"(anonymous_12)","decl":{"start":{"line":96,"column":34},"end":{"line":96,"column":42}},"loc":{"start":{"line":96,"column":48},"end":{"line":96,"column":59}},"line":96}},"branchMap":{},"s":{"0":2,"1":2,"2":8,"3":8,"4":8,"5":8,"6":8,"7":8,"8":8,"9":8,"10":8,"11":8,"12":8,"13":0,"14":0,"15":0,"16":0,"17":0,"18":0,"19":0,"20":0,"21":0,"22":0,"23":0,"24":0,"25":0,"26":0,"27":0,"28":1,"29":1,"30":1,"31":1,"32":1,"33":0,"34":0,"35":0,"36":0,"37":0,"38":0,"39":0,"40":0,"41":8},"f":{"0":8,"1":0,"2":0,"3":0,"4":0,"5":0,"6":0,"7":1,"8":1,"9":0,"10":0,"11":0,"12":0},"b":{},"meta":{"lastBranch":0,"lastFunction":13,"lastStatement":42,"seen":{"s:25:10:25:Infinity":0,"s:27:26:117:Infinity":1,"f:27:38:27:50":0,"s:28:25:28:Infinity":2,"s:29:25:29:Infinity":3,"s:30:59:30:Infinity":4,"s:32:22:32:Infinity":5,"s:33:20:33:Infinity":6,"s:34:66:34:Infinity":7,"s:37:20:37:Infinity":8,"s:38:16:38:Infinity":9,"s:39:18:39:Infinity":10,"s:40:40:40:Infinity":11,"s:42:17:42:Infinity":12,"f:45:11:45:19":1,"s:46:4:46:Infinity":13,"s:47:4:47:Infinity":14,"s:48:4:50:Infinity":15,"f:48:15:48:24":2,"s:49:6:49:Infinity":16,"f:53:11:53:26":3,"s:54:4:54:Infinity":17,"s:55:4:55:Infinity":18,"s:56:4:56:Infinity":19,"f:60:11:60:20":4,"s:61:4:61:Infinity":20,"s:62:4:62:Infinity":21,"s:63:4:65:Infinity":22,"f:63:15:63:24":5,"s:64:6:64:Infinity":23,"f:68:11:68:23":6,"s:69:4:69:Infinity":24,"s:70:4:70:Infinity":25,"s:71:4:71:Infinity":26,"s:72:4:72:Infinity":27,"f:76:11:76:18":7,"s:77:4:77:Infinity":28,"s:78:4:78:Infinity":29,"s:79:4:79:Infinity":30,"s:80:4:82:Infinity":31,"f:80:15:80:24":8,"s:81:6:81:Infinity":32,"f:85:11:85:23":9,"s:86:4:86:Infinity":33,"s:87:4:87:Infinity":34,"s:88:4:88:Infinity":35,"f:92:11:92:17":10,"s:93:15:93:Infinity":36,"s:94:4:94:Infinity":37,"s:95:4:97:Infinity":38,"f:95:4:95:21":11,"s:96:6:96:Infinity":39,"f:96:34:96:42":12,"s:96:48:96:59":40,"s:100:2:116:Infinity":41},"fnNames":{}}}
}
